{"C:\\projects\\peoplehub-web-frontend\\src\\app\\App.tsx": {"path":"C:\\projects\\peoplehub-web-frontend\\src\\app\\App.tsx","statementMap":{"0":{"start":{"line":1,"column":0},"end":{"line":1,"column":56}},"1":{"start":{"line":2,"column":0},"end":{"line":2,"column":50}},"2":{"start":{"line":3,"column":0},"end":{"line":3,"column":41}},"3":{"start":{"line":6,"column":2},"end":{"line":10,"column":4}},"4":{"start":{"line":13,"column":0},"end":{"line":13,"column":19}}},"fnMap":{"0":{"name":"App","decl":{"start":{"line":5,"column":9},"end":{"line":5,"column":12}},"loc":{"start":{"line":5,"column":12},"end":{"line":11,"column":1}}}},"branchMap":{},"s":{"0":0,"1":0,"2":0,"3":0,"4":0},"f":{"0":0},"b":{}}
,"C:\\projects\\peoplehub-web-frontend\\src\\app\\main.tsx": {"path":"C:\\projects\\peoplehub-web-frontend\\src\\app\\main.tsx","statementMap":{"0":{"start":{"line":1,"column":0},"end":{"line":1,"column":26}},"1":{"start":{"line":2,"column":0},"end":{"line":2,"column":40}},"2":{"start":{"line":3,"column":0},"end":{"line":3,"column":24}},"3":{"start":{"line":4,"column":0},"end":{"line":4,"column":30}},"4":{"start":{"line":6,"column":0},"end":{"line":10,"column":2}}},"fnMap":{},"branchMap":{},"s":{"0":0,"1":0,"2":0,"3":0,"4":0},"f":{},"b":{}}
,"C:\\projects\\peoplehub-web-frontend\\src\\app\\providers\\AuthProvider.tsx": {"path":"C:\\projects\\peoplehub-web-frontend\\src\\app\\providers\\AuthProvider.tsx","statementMap":{"0":{"start":{"line":1,"column":0},"end":{"line":1,"column":75}},"1":{"start":{"line":3,"column":0},"end":{"line":3,"column":56}},"2":{"start":{"line":19,"column":20},"end":{"line":19,"column":63}},"3":{"start":{"line":21,"column":28},"end":{"line":121,"column":1}},"4":{"start":{"line":22,"column":26},"end":{"line":22,"column":56}},"5":{"start":{"line":23,"column":32},"end":{"line":23,"column":46}},"6":{"start":{"line":24,"column":48},"end":{"line":24,"column":63}},"7":{"start":{"line":26,"column":2},"end":{"line":82,"column":9}},"8":{"start":{"line":27,"column":30},"end":{"line":55,"column":5}},"9":{"start":{"line":28,"column":6},"end":{"line":54,"column":7}},"10":{"start":{"line":32,"column":12},"end":{"line":32,"column":44}},"11":{"start":{"line":34,"column":8},"end":{"line":37,"column":9}},"12":{"start":{"line":35,"column":10},"end":{"line":35,"column":57}},"13":{"start":{"line":36,"column":10},"end":{"line":36,"column":17}},"14":{"start":{"line":39,"column":8},"end":{"line":49,"column":9}},"15":{"start":{"line":40,"column":35},"end":{"line":44,"column":12}},"16":{"start":{"line":45,"column":10},"end":{"line":45,"column":27}},"17":{"start":{"line":46,"column":10},"end":{"line":46,"column":35}},"18":{"start":{"line":48,"column":10},"end":{"line":48,"column":50}},"19":{"start":{"line":51,"column":8},"end":{"line":51,"column":63}},"20":{"start":{"line":53,"column":8},"end":{"line":53,"column":26}},"21":{"start":{"line":57,"column":4},"end":{"line":57,"column":24}},"22":{"start":{"line":61,"column":8},"end":{"line":79,"column":6}},"23":{"start":{"line":62,"column":6},"end":{"line":62,"column":40}},"24":{"start":{"line":64,"column":6},"end":{"line":77,"column":7}},"25":{"start":{"line":65,"column":33},"end":{"line":69,"column":10}},"26":{"start":{"line":70,"column":8},"end":{"line":70,"column":25}},"27":{"start":{"line":71,"column":8},"end":{"line":71,"column":33}},"28":{"start":{"line":73,"column":8},"end":{"line":73,"column":53}},"29":{"start":{"line":74,"column":13},"end":{"line":77,"column":7}},"30":{"start":{"line":75,"column":8},"end":{"line":75,"column":22}},"31":{"start":{"line":76,"column":8},"end":{"line":76,"column":34}},"32":{"start":{"line":78,"column":6},"end":{"line":78,"column":24}},"33":{"start":{"line":81,"column":4},"end":{"line":81,"column":44}},"34":{"start":{"line":81,"column":17},"end":{"line":81,"column":43}},"35":{"start":{"line":84,"column":16},"end":{"line":96,"column":3}},"36":{"start":{"line":85,"column":4},"end":{"line":95,"column":5}},"37":{"start":{"line":86,"column":31},"end":{"line":90,"column":8}},"38":{"start":{"line":91,"column":6},"end":{"line":91,"column":23}},"39":{"start":{"line":92,"column":6},"end":{"line":92,"column":31}},"40":{"start":{"line":94,"column":6},"end":{"line":94,"column":40}},"41":{"start":{"line":98,"column":17},"end":{"line":106,"column":3}},"42":{"start":{"line":99,"column":4},"end":{"line":105,"column":5}},"43":{"start":{"line":100,"column":6},"end":{"line":100,"column":36}},"44":{"start":{"line":101,"column":6},"end":{"line":101,"column":20}},"45":{"start":{"line":102,"column":6},"end":{"line":102,"column":32}},"46":{"start":{"line":104,"column":6},"end":{"line":104,"column":49}},"47":{"start":{"line":108,"column":2},"end":{"line":120,"column":4}},"48":{"start":{"line":21,"column":13},"end":{"line":21,"column":28}},"49":{"start":{"line":123,"column":0},"end":{"line":123,"column":27}}},"fnMap":{"0":{"name":"(anonymous_0)","decl":{"start":{"line":21,"column":28},"end":{"line":21,"column":29}},"loc":{"start":{"line":21,"column":70},"end":{"line":121,"column":1}}},"1":{"name":"(anonymous_1)","decl":{"start":{"line":26,"column":12},"end":{"line":26,"column":15}},"loc":{"start":{"line":26,"column":17},"end":{"line":82,"column":3}}},"2":{"name":"(anonymous_2)","decl":{"start":{"line":27,"column":30},"end":{"line":27,"column":35}},"loc":{"start":{"line":27,"column":41},"end":{"line":55,"column":5}}},"3":{"name":"(anonymous_3)","decl":{"start":{"line":61,"column":40},"end":{"line":61,"column":45}},"loc":{"start":{"line":61,"column":65},"end":{"line":79,"column":5}}},"4":{"name":"(anonymous_4)","decl":{"start":{"line":81,"column":11},"end":{"line":81,"column":14}},"loc":{"start":{"line":81,"column":17},"end":{"line":81,"column":43}}},"5":{"name":"(anonymous_5)","decl":{"start":{"line":84,"column":16},"end":{"line":84,"column":17}},"loc":{"start":{"line":84,"column":45},"end":{"line":96,"column":3}}},"6":{"name":"(anonymous_6)","decl":{"start":{"line":98,"column":17},"end":{"line":98,"column":22}},"loc":{"start":{"line":98,"column":43},"end":{"line":106,"column":3}}}},"branchMap":{"0":{"loc":{"start":{"line":34,"column":8},"end":{"line":37,"column":9}},"type":"if","locations":[{"start":{"line":34,"column":8},"end":{"line":37,"column":9}},{"start":{},"end":{}}]},"1":{"loc":{"start":{"line":39,"column":8},"end":{"line":49,"column":9}},"type":"if","locations":[{"start":{"line":39,"column":8},"end":{"line":49,"column":9}},{"start":{},"end":{}}]},"2":{"loc":{"start":{"line":39,"column":12},"end":{"line":39,"column":25}},"type":"cond-expr","locations":[{"start":{"line":39,"column":19},"end":{"line":39,"column":21}},{"start":{"line":39,"column":12},"end":{"line":39,"column":25}}]},"3":{"loc":{"start":{"line":39,"column":12},"end":{"line":39,"column":21}},"type":"binary-expr","locations":[{"start":{"line":39,"column":12},"end":{"line":39,"column":21}},{"start":{"line":39,"column":12},"end":{"line":39,"column":21}}]},"4":{"loc":{"start":{"line":43,"column":25},"end":{"line":43,"column":64}},"type":"cond-expr","locations":[{"start":{"line":43,"column":51},"end":{"line":43,"column":53}},{"start":{"line":43,"column":51},"end":{"line":43,"column":64}}]},"5":{"loc":{"start":{"line":43,"column":25},"end":{"line":43,"column":53}},"type":"binary-expr","locations":[{"start":{"line":43,"column":25},"end":{"line":43,"column":53}},{"start":{"line":43,"column":51},"end":{"line":43,"column":53}}]},"6":{"loc":{"start":{"line":64,"column":6},"end":{"line":77,"column":7}},"type":"if","locations":[{"start":{"line":64,"column":6},"end":{"line":77,"column":7}},{"start":{"line":74,"column":13},"end":{"line":77,"column":7}}]},"7":{"loc":{"start":{"line":64,"column":10},"end":{"line":64,"column":50}},"type":"binary-expr","locations":[{"start":{"line":64,"column":10},"end":{"line":64,"column":31}},{"start":{"line":64,"column":35},"end":{"line":64,"column":48}}]},"8":{"loc":{"start":{"line":64,"column":35},"end":{"line":64,"column":48}},"type":"cond-expr","locations":[{"start":{"line":64,"column":42},"end":{"line":64,"column":44}},{"start":{"line":64,"column":35},"end":{"line":64,"column":48}}]},"9":{"loc":{"start":{"line":64,"column":35},"end":{"line":64,"column":44}},"type":"binary-expr","locations":[{"start":{"line":64,"column":35},"end":{"line":64,"column":44}},{"start":{"line":64,"column":35},"end":{"line":64,"column":44}}]},"10":{"loc":{"start":{"line":68,"column":23},"end":{"line":68,"column":62}},"type":"cond-expr","locations":[{"start":{"line":68,"column":49},"end":{"line":68,"column":51}},{"start":{"line":68,"column":49},"end":{"line":68,"column":62}}]},"11":{"loc":{"start":{"line":68,"column":23},"end":{"line":68,"column":51}},"type":"binary-expr","locations":[{"start":{"line":68,"column":23},"end":{"line":68,"column":51}},{"start":{"line":68,"column":49},"end":{"line":68,"column":51}}]},"12":{"loc":{"start":{"line":74,"column":13},"end":{"line":77,"column":7}},"type":"if","locations":[{"start":{"line":74,"column":13},"end":{"line":77,"column":7}},{"start":{},"end":{}}]},"13":{"loc":{"start":{"line":85,"column":4},"end":{"line":95,"column":5}},"type":"if","locations":[{"start":{"line":85,"column":4},"end":{"line":95,"column":5}},{"start":{"line":93,"column":11},"end":{"line":95,"column":5}}]},"14":{"loc":{"start":{"line":89,"column":21},"end":{"line":89,"column":52}},"type":"cond-expr","locations":[{"start":{"line":89,"column":39},"end":{"line":89,"column":41}},{"start":{"line":89,"column":39},"end":{"line":89,"column":52}}]},"15":{"loc":{"start":{"line":89,"column":21},"end":{"line":89,"column":41}},"type":"binary-expr","locations":[{"start":{"line":89,"column":21},"end":{"line":89,"column":41}},{"start":{"line":89,"column":39},"end":{"line":89,"column":41}}]}},"s":{"0":0,"1":0,"2":0,"3":0,"4":0,"5":0,"6":0,"7":0,"8":0,"9":0,"10":0,"11":0,"12":0,"13":0,"14":0,"15":0,"16":0,"17":0,"18":0,"19":0,"20":0,"21":0,"22":0,"23":0,"24":0,"25":0,"26":0,"27":0,"28":0,"29":0,"30":0,"31":0,"32":0,"33":0,"34":0,"35":0,"36":0,"37":0,"38":0,"39":0,"40":0,"41":0,"42":0,"43":0,"44":0,"45":0,"46":0,"47":0,"48":0,"49":0},"f":{"0":0,"1":0,"2":0,"3":0,"4":0,"5":0,"6":0},"b":{"0":[0,0],"1":[0,0],"2":[0,0],"3":[0,0],"4":[0,0],"5":[0,0],"6":[0,0],"7":[0,0],"8":[0,0],"9":[0,0],"10":[0,0],"11":[0,0],"12":[0,0],"13":[0,0],"14":[0,0],"15":[0,0]}}
,"C:\\projects\\peoplehub-web-frontend\\src\\app\\routes\\ProtectedRoute.tsx": {"path":"C:\\projects\\peoplehub-web-frontend\\src\\app\\routes\\ProtectedRoute.tsx","statementMap":{"0":{"start":{"line":1,"column":0},"end":{"line":1,"column":57}},"1":{"start":{"line":2,"column":0},"end":{"line":2,"column":60}},"2":{"start":{"line":4,"column":0},"end":{"line":4,"column":46}},"3":{"start":{"line":6,"column":23},"end":{"line":19,"column":1}},"4":{"start":{"line":7,"column":39},"end":{"line":7,"column":48}},"5":{"start":{"line":8,"column":19},"end":{"line":8,"column":32}},"6":{"start":{"line":10,"column":2},"end":{"line":12,"column":3}},"7":{"start":{"line":11,"column":4},"end":{"line":11,"column":23}},"8":{"start":{"line":14,"column":2},"end":{"line":16,"column":3}},"9":{"start":{"line":15,"column":4},"end":{"line":15,"column":76}},"10":{"start":{"line":18,"column":2},"end":{"line":18,"column":25}},"11":{"start":{"line":21,"column":0},"end":{"line":21,"column":30}}},"fnMap":{"0":{"name":"(anonymous_1)","decl":{"start":{"line":6,"column":23},"end":{"line":6,"column":24}},"loc":{"start":{"line":6,"column":65},"end":{"line":19,"column":1}}}},"branchMap":{"0":{"loc":{"start":{"line":10,"column":2},"end":{"line":12,"column":3}},"type":"if","locations":[{"start":{"line":10,"column":2},"end":{"line":12,"column":3}},{"start":{},"end":{}}]},"1":{"loc":{"start":{"line":14,"column":2},"end":{"line":16,"column":3}},"type":"if","locations":[{"start":{"line":14,"column":2},"end":{"line":16,"column":3}},{"start":{},"end":{}}]}},"s":{"0":0,"1":0,"2":0,"3":0,"4":0,"5":0,"6":0,"7":0,"8":0,"9":0,"10":0,"11":0},"f":{"0":0},"b":{"0":[0,0],"1":[0,0]}}
,"C:\\projects\\peoplehub-web-frontend\\src\\app\\routes\\routes.tsx": {"path":"C:\\projects\\peoplehub-web-frontend\\src\\app\\routes\\routes.tsx","statementMap":{"0":{"start":{"line":1,"column":0},"end":{"line":1,"column":65}},"1":{"start":{"line":2,"column":0},"end":{"line":2,"column":50}},"2":{"start":{"line":3,"column":0},"end":{"line":3,"column":55}},"3":{"start":{"line":4,"column":0},"end":{"line":4,"column":49}},"4":{"start":{"line":5,"column":0},"end":{"line":5,"column":46}},"5":{"start":{"line":6,"column":0},"end":{"line":6,"column":51}},"6":{"start":{"line":7,"column":0},"end":{"line":7,"column":68}},"7":{"start":{"line":8,"column":0},"end":{"line":8,"column":44}},"8":{"start":{"line":9,"column":0},"end":{"line":9,"column":67}},"9":{"start":{"line":10,"column":0},"end":{"line":10,"column":57}},"10":{"start":{"line":12,"column":13},"end":{"line":65,"column":3}}},"fnMap":{},"branchMap":{},"s":{"0":0,"1":0,"2":0,"3":0,"4":0,"5":0,"6":0,"7":0,"8":0,"9":0,"10":0},"f":{},"b":{}}
,"C:\\projects\\peoplehub-web-frontend\\src\\features\\auth\\api\\authApi.ts": {"path":"C:\\projects\\peoplehub-web-frontend\\src\\features\\auth\\api\\authApi.ts","statementMap":{"0":{"start":{"line":1,"column":0},"end":{"line":1,"column":59}},"1":{"start":{"line":16,"column":45},"end":{"line":16,"column":56}},"2":{"start":{"line":17,"column":28},"end":{"line":25,"column":6}},"3":{"start":{"line":26,"column":4},"end":{"line":26,"column":61}},"4":{"start":{"line":37,"column":28},"end":{"line":40,"column":6}},"5":{"start":{"line":41,"column":4},"end":{"line":41,"column":61}},"6":{"start":{"line":45,"column":28},"end":{"line":45,"column":57}},"7":{"start":{"line":46,"column":4},"end":{"line":49,"column":5}},"8":{"start":{"line":47,"column":6},"end":{"line":47,"column":60}},"9":{"start":{"line":48,"column":6},"end":{"line":48,"column":18}},"10":{"start":{"line":50,"column":4},"end":{"line":50,"column":21}},"11":{"start":{"line":54,"column":22},"end":{"line":54,"column":51}},"12":{"start":{"line":55,"column":4},"end":{"line":55,"column":21}},"13":{"start":{"line":10,"column":0},"end":{"line":10,"column":13}}},"fnMap":{"0":{"name":"(anonymous_0)","decl":{"start":{"line":11,"column":2},"end":{"line":11,"column":8}},"loc":{"start":{"line":11,"column":60},"end":{"line":27,"column":3}}},"1":{"name":"(anonymous_1)","decl":{"start":{"line":29,"column":2},"end":{"line":29,"column":8}},"loc":{"start":{"line":32,"column":3},"end":{"line":42,"column":3}}},"2":{"name":"(anonymous_2)","decl":{"start":{"line":44,"column":2},"end":{"line":44,"column":8}},"loc":{"start":{"line":44,"column":29},"end":{"line":51,"column":3}}},"3":{"name":"(anonymous_3)","decl":{"start":{"line":53,"column":2},"end":{"line":53,"column":8}},"loc":{"start":{"line":53,"column":21},"end":{"line":56,"column":3}}}},"branchMap":{"0":{"loc":{"start":{"line":46,"column":4},"end":{"line":49,"column":5}},"type":"if","locations":[{"start":{"line":46,"column":4},"end":{"line":49,"column":5}},{"start":{},"end":{}}]}},"s":{"0":0,"1":0,"2":0,"3":0,"4":0,"5":0,"6":0,"7":0,"8":0,"9":0,"10":0,"11":0,"12":0,"13":0},"f":{"0":0,"1":0,"2":0,"3":0},"b":{"0":[0,0]}}
,"C:\\projects\\peoplehub-web-frontend\\src\\features\\auth\\hooks\\useAuth.tsx": {"path":"C:\\projects\\peoplehub-web-frontend\\src\\features\\auth\\hooks\\useAuth.tsx","statementMap":{"0":{"start":{"line":1,"column":0},"end":{"line":1,"column":35}},"1":{"start":{"line":2,"column":0},"end":{"line":2,"column":null}},"2":{"start":{"line":6,"column":23},"end":{"line":12,"column":1}},"3":{"start":{"line":7,"column":18},"end":{"line":7,"column":41}},"4":{"start":{"line":8,"column":2},"end":{"line":10,"column":3}},"5":{"start":{"line":9,"column":4},"end":{"line":9,"column":67}},"6":{"start":{"line":11,"column":2},"end":{"line":11,"column":17}},"7":{"start":{"line":6,"column":13},"end":{"line":6,"column":23}}},"fnMap":{"0":{"name":"(anonymous_1)","decl":{"start":{"line":6,"column":23},"end":{"line":6,"column":43}},"loc":{"start":{"line":6,"column":45},"end":{"line":12,"column":1}}}},"branchMap":{"0":{"loc":{"start":{"line":8,"column":2},"end":{"line":10,"column":3}},"type":"if","locations":[{"start":{"line":8,"column":2},"end":{"line":10,"column":3}},{"start":{},"end":{}}]}},"s":{"0":0,"1":0,"2":0,"3":0,"4":0,"5":0,"6":0,"7":0},"f":{"0":0},"b":{"0":[0,0]}}
,"C:\\projects\\peoplehub-web-frontend\\src\\features\\auth\\ui\\AuthForm.tsx": {"path":"C:\\projects\\peoplehub-web-frontend\\src\\features\\auth\\ui\\AuthForm.tsx","statementMap":{"0":{"start":{"line":18,"column":0},"end":{"line":18,"column":16}},"1":{"start":{"line":1,"column":0},"end":{"line":1,"column":40}},"2":{"start":{"line":2,"column":0},"end":{"line":2,"column":43}},"3":{"start":{"line":24,"column":34},"end":{"line":25,"column":null}},"4":{"start":{"line":25,"column":41},"end":{"line":25,"column":61}},"5":{"start":{"line":28,"column":23},"end":{"line":31,"column":3}},"6":{"start":{"line":29,"column":26},"end":{"line":29,"column":34}},"7":{"start":{"line":30,"column":4},"end":{"line":30,"column":54}},"8":{"start":{"line":30,"column":26},"end":{"line":30,"column":52}},"9":{"start":{"line":33,"column":23},"end":{"line":36,"column":3}},"10":{"start":{"line":34,"column":4},"end":{"line":34,"column":23}},"11":{"start":{"line":35,"column":4},"end":{"line":35,"column":28}},"12":{"start":{"line":38,"column":2},"end":{"line":70,"column":4}},"13":{"start":{"line":42,"column":10},"end":{"line":42,"column":40}}},"fnMap":{"0":{"name":"AuthForm","decl":{"start":{"line":18,"column":16},"end":{"line":18,"column":24}},"loc":{"start":{"line":23,"column":19},"end":{"line":71,"column":1}}},"1":{"name":"(anonymous_2)","decl":{"start":{"line":25,"column":34},"end":{"line":25,"column":35}},"loc":{"start":{"line":25,"column":41},"end":{"line":25,"column":61}}},"2":{"name":"(anonymous_3)","decl":{"start":{"line":28,"column":23},"end":{"line":28,"column":24}},"loc":{"start":{"line":28,"column":66},"end":{"line":31,"column":3}}},"3":{"name":"(anonymous_4)","decl":{"start":{"line":30,"column":16},"end":{"line":30,"column":17}},"loc":{"start":{"line":30,"column":26},"end":{"line":30,"column":52}}},"4":{"name":"(anonymous_5)","decl":{"start":{"line":33,"column":23},"end":{"line":33,"column":24}},"loc":{"start":{"line":33,"column":46},"end":{"line":36,"column":3}}},"5":{"name":"(anonymous_6)","decl":{"start":{"line":41,"column":20},"end":{"line":41,"column":21}},"loc":{"start":{"line":42,"column":10},"end":{"line":42,"column":40}}}},"branchMap":{"0":{"loc":{"start":{"line":21,"column":2},"end":{"line":21,"column":23}},"type":"default-arg","locations":[{"start":{"line":21,"column":15},"end":{"line":21,"column":23}}]},"1":{"loc":{"start":{"line":64,"column":21},"end":{"line":64,"column":69}},"type":"cond-expr","locations":[{"start":{"line":64,"column":33},"end":{"line":64,"column":53}},{"start":{"line":64,"column":56},"end":{"line":64,"column":69}}]},"2":{"loc":{"start":{"line":66,"column":11},"end":{"line":66,"column":49}},"type":"cond-expr","locations":[{"start":{"line":66,"column":23},"end":{"line":66,"column":36}},{"start":{"line":66,"column":39},"end":{"line":66,"column":49}}]}},"s":{"0":0,"1":0,"2":0,"3":0,"4":0,"5":0,"6":0,"7":0,"8":0,"9":0,"10":0,"11":0,"12":0,"13":0},"f":{"0":0,"1":0,"2":0,"3":0,"4":0,"5":0},"b":{"0":[0],"1":[0,0],"2":[0,0]}}
,"C:\\projects\\peoplehub-web-frontend\\src\\layouts\\MainLayout.tsx": {"path":"C:\\projects\\peoplehub-web-frontend\\src\\layouts\\MainLayout.tsx","statementMap":{"0":{"start":{"line":1,"column":0},"end":{"line":1,"column":42}},"1":{"start":{"line":2,"column":0},"end":{"line":2,"column":45}},"2":{"start":{"line":3,"column":0},"end":{"line":3,"column":57}},"3":{"start":{"line":4,"column":0},"end":{"line":4,"column":40}},"4":{"start":{"line":5,"column":0},"end":{"line":5,"column":37}},"5":{"start":{"line":6,"column":0},"end":{"line":6,"column":45}},"6":{"start":{"line":8,"column":19},"end":{"line":33,"column":1}},"7":{"start":{"line":9,"column":27},"end":{"line":9,"column":36}},"8":{"start":{"line":11,"column":2},"end":{"line":32,"column":4}},"9":{"start":{"line":35,"column":0},"end":{"line":35,"column":26}}},"fnMap":{"0":{"name":"(anonymous_1)","decl":{"start":{"line":8,"column":19},"end":{"line":8,"column":22}},"loc":{"start":{"line":8,"column":24},"end":{"line":33,"column":1}}}},"branchMap":{"0":{"loc":{"start":{"line":19,"column":21},"end":{"line":19,"column":38}},"type":"cond-expr","locations":[{"start":{"line":19,"column":25},"end":{"line":19,"column":27}},{"start":{"line":19,"column":21},"end":{"line":19,"column":38}}]},"1":{"loc":{"start":{"line":19,"column":21},"end":{"line":19,"column":27}},"type":"binary-expr","locations":[{"start":{"line":19,"column":21},"end":{"line":19,"column":27}},{"start":{"line":19,"column":21},"end":{"line":19,"column":27}}]}},"s":{"0":0,"1":0,"2":0,"3":0,"4":0,"5":0,"6":0,"7":0,"8":0,"9":0},"f":{"0":0},"b":{"0":[0,0],"1":[0,0]}}
,"C:\\projects\\peoplehub-web-frontend\\src\\layouts\\auth\\AuthLayout.tsx": {"path":"C:\\projects\\peoplehub-web-frontend\\src\\layouts\\auth\\AuthLayout.tsx","statementMap":{"0":{"start":{"line":1,"column":0},"end":{"line":1,"column":42}},"1":{"start":{"line":2,"column":0},"end":{"line":2,"column":45}},"2":{"start":{"line":4,"column":19},"end":{"line":12,"column":1}},"3":{"start":{"line":5,"column":2},"end":{"line":11,"column":4}},"4":{"start":{"line":14,"column":0},"end":{"line":14,"column":26}}},"fnMap":{"0":{"name":"(anonymous_1)","decl":{"start":{"line":4,"column":19},"end":{"line":4,"column":22}},"loc":{"start":{"line":4,"column":24},"end":{"line":12,"column":1}}}},"branchMap":{},"s":{"0":0,"1":0,"2":0,"3":0,"4":0},"f":{"0":0},"b":{}}
,"C:\\projects\\peoplehub-web-frontend\\src\\layouts\\navbar\\Navbar.tsx": {"path":"C:\\projects\\peoplehub-web-frontend\\src\\layouts\\navbar\\Navbar.tsx","statementMap":{"0":{"start":{"line":1,"column":0},"end":{"line":1,"column":33}},"1":{"start":{"line":2,"column":0},"end":{"line":2,"column":57}},"2":{"start":{"line":3,"column":0},"end":{"line":3,"column":41}},"3":{"start":{"line":5,"column":15},"end":{"line":40,"column":1}},"4":{"start":{"line":6,"column":38},"end":{"line":6,"column":53}},"5":{"start":{"line":8,"column":25},"end":{"line":10,"column":3}},"6":{"start":{"line":9,"column":4},"end":{"line":9,"column":31}},"7":{"start":{"line":12,"column":2},"end":{"line":39,"column":4}},"8":{"start":{"line":42,"column":0},"end":{"line":42,"column":22}}},"fnMap":{"0":{"name":"(anonymous_1)","decl":{"start":{"line":5,"column":15},"end":{"line":5,"column":18}},"loc":{"start":{"line":5,"column":20},"end":{"line":40,"column":1}}},"1":{"name":"(anonymous_2)","decl":{"start":{"line":8,"column":25},"end":{"line":8,"column":28}},"loc":{"start":{"line":8,"column":30},"end":{"line":10,"column":3}}}},"branchMap":{"0":{"loc":{"start":{"line":32,"column":54},"end":{"line":32,"column":107}},"type":"cond-expr","locations":[{"start":{"line":32,"column":67},"end":{"line":32,"column":102}},{"start":{"line":32,"column":105},"end":{"line":32,"column":107}}]},"1":{"loc":{"start":{"line":35,"column":11},"end":{"line":35,"column":46}},"type":"cond-expr","locations":[{"start":{"line":35,"column":24},"end":{"line":35,"column":33}},{"start":{"line":35,"column":36},"end":{"line":35,"column":46}}]}},"s":{"0":0,"1":0,"2":0,"3":0,"4":0,"5":0,"6":0,"7":0,"8":0},"f":{"0":0,"1":0},"b":{"0":[0,0],"1":[0,0]}}
,"C:\\projects\\peoplehub-web-frontend\\src\\layouts\\sidebar\\Sidebar.tsx": {"path":"C:\\projects\\peoplehub-web-frontend\\src\\layouts\\sidebar\\Sidebar.tsx","statementMap":{"0":{"start":{"line":1,"column":0},"end":{"line":1,"column":null}},"1":{"start":{"line":10,"column":0},"end":{"line":10,"column":42}},"2":{"start":{"line":11,"column":0},"end":{"line":11,"column":60}},"3":{"start":{"line":13,"column":16},"end":{"line":64,"column":1}},"4":{"start":{"line":14,"column":19},"end":{"line":14,"column":32}},"5":{"start":{"line":15,"column":19},"end":{"line":15,"column":32}},"6":{"start":{"line":17,"column":27},"end":{"line":19,"column":3}},"7":{"start":{"line":18,"column":4},"end":{"line":18,"column":19}},"8":{"start":{"line":21,"column":20},"end":{"line":28,"column":4}},"9":{"start":{"line":30,"column":2},"end":{"line":63,"column":4}},"10":{"start":{"line":41,"column":10},"end":{"line":42,"column":null}},"11":{"start":{"line":43,"column":27},"end":{"line":43,"column":54}},"12":{"start":{"line":66,"column":0},"end":{"line":66,"column":23}}},"fnMap":{"0":{"name":"(anonymous_1)","decl":{"start":{"line":13,"column":16},"end":{"line":13,"column":19}},"loc":{"start":{"line":13,"column":21},"end":{"line":64,"column":1}}},"1":{"name":"(anonymous_2)","decl":{"start":{"line":17,"column":27},"end":{"line":17,"column":28}},"loc":{"start":{"line":17,"column":44},"end":{"line":19,"column":3}}},"2":{"name":"(anonymous_3)","decl":{"start":{"line":40,"column":23},"end":{"line":40,"column":24}},"loc":{"start":{"line":41,"column":10},"end":{"line":42,"column":null}}},"3":{"name":"(anonymous_4)","decl":{"start":{"line":43,"column":21},"end":{"line":43,"column":24}},"loc":{"start":{"line":43,"column":27},"end":{"line":43,"column":54}}}},"branchMap":{"0":{"loc":{"start":{"line":45,"column":14},"end":{"line":47,"column":null}},"type":"cond-expr","locations":[{"start":{"line":46,"column":18},"end":{"line":46,"column":49}},{"start":{"line":47,"column":18},"end":{"line":47,"column":null}}]}},"s":{"0":0,"1":0,"2":0,"3":0,"4":0,"5":0,"6":0,"7":0,"8":0,"9":0,"10":0,"11":0,"12":0},"f":{"0":0,"1":0,"2":0,"3":0},"b":{"0":[0,0]}}
,"C:\\projects\\peoplehub-web-frontend\\src\\pages\\attendance\\AttendancePage.tsx": {"path":"C:\\projects\\peoplehub-web-frontend\\src\\pages\\attendance\\AttendancePage.tsx","statementMap":{"0":{"start":{"line":1,"column":0},"end":{"line":1,"column":33}},"1":{"start":{"line":2,"column":0},"end":{"line":2,"column":46}},"2":{"start":{"line":3,"column":0},"end":{"line":3,"column":42}},"3":{"start":{"line":4,"column":0},"end":{"line":4,"column":42}},"4":{"start":{"line":5,"column":0},"end":{"line":5,"column":49}},"5":{"start":{"line":9,"column":23},"end":{"line":118,"column":1}},"6":{"start":{"line":10,"column":44},"end":{"line":10,"column":56}},"7":{"start":{"line":11,"column":42},"end":{"line":11,"column":77}},"8":{"start":{"line":12,"column":26},"end":{"line":12,"column":46}},"9":{"start":{"line":14,"column":17},"end":{"line":18,"column":4}},"10":{"start":{"line":20,"column":17},"end":{"line":27,"column":8}},"11":{"start":{"line":29,"column":2},"end":{"line":117,"column":4}},"12":{"start":{"line":40,"column":27},"end":{"line":40,"column":59}},"13":{"start":{"line":45,"column":12},"end":{"line":45,"column":35}},"14":{"start":{"line":60,"column":27},"end":{"line":60,"column":60}},"15":{"start":{"line":71,"column":29},"end":{"line":71,"column":55}},"16":{"start":{"line":77,"column":29},"end":{"line":77,"column":53}},"17":{"start":{"line":83,"column":29},"end":{"line":83,"column":53}},"18":{"start":{"line":89,"column":29},"end":{"line":89,"column":53}},"19":{"start":{"line":120,"column":0},"end":{"line":120,"column":30}}},"fnMap":{"0":{"name":"(anonymous_1)","decl":{"start":{"line":9,"column":23},"end":{"line":9,"column":26}},"loc":{"start":{"line":9,"column":28},"end":{"line":118,"column":1}}},"1":{"name":"(anonymous_2)","decl":{"start":{"line":40,"column":20},"end":{"line":40,"column":21}},"loc":{"start":{"line":40,"column":27},"end":{"line":40,"column":59}}},"2":{"name":"(anonymous_3)","decl":{"start":{"line":44,"column":22},"end":{"line":44,"column":23}},"loc":{"start":{"line":45,"column":12},"end":{"line":45,"column":35}}},"3":{"name":"(anonymous_4)","decl":{"start":{"line":60,"column":20},"end":{"line":60,"column":21}},"loc":{"start":{"line":60,"column":27},"end":{"line":60,"column":60}}},"4":{"name":"(anonymous_5)","decl":{"start":{"line":71,"column":23},"end":{"line":71,"column":26}},"loc":{"start":{"line":71,"column":29},"end":{"line":71,"column":55}}},"5":{"name":"(anonymous_6)","decl":{"start":{"line":77,"column":23},"end":{"line":77,"column":26}},"loc":{"start":{"line":77,"column":29},"end":{"line":77,"column":53}}},"6":{"name":"(anonymous_7)","decl":{"start":{"line":83,"column":23},"end":{"line":83,"column":26}},"loc":{"start":{"line":83,"column":29},"end":{"line":83,"column":53}}},"7":{"name":"(anonymous_8)","decl":{"start":{"line":89,"column":23},"end":{"line":89,"column":26}},"loc":{"start":{"line":89,"column":29},"end":{"line":89,"column":53}}}},"branchMap":{"0":{"loc":{"start":{"line":20,"column":17},"end":{"line":27,"column":8}},"type":"cond-expr","locations":[{"start":{"line":21,"column":6},"end":{"line":26,"column":null}},{"start":{"line":27,"column":6},"end":{"line":27,"column":8}}]},"1":{"loc":{"start":{"line":65,"column":7},"end":{"line":94,"column":null}},"type":"binary-expr","locations":[{"start":{"line":65,"column":7},"end":{"line":65,"column":20}},{"start":{"line":66,"column":8},"end":{"line":93,"column":null}}]},"2":{"loc":{"start":{"line":70,"column":49},"end":{"line":70,"column":96}},"type":"cond-expr","locations":[{"start":{"line":70,"column":78},"end":{"line":70,"column":91}},{"start":{"line":70,"column":94},"end":{"line":70,"column":96}}]},"3":{"loc":{"start":{"line":76,"column":49},"end":{"line":76,"column":94}},"type":"cond-expr","locations":[{"start":{"line":76,"column":76},"end":{"line":76,"column":89}},{"start":{"line":76,"column":92},"end":{"line":76,"column":94}}]},"4":{"loc":{"start":{"line":82,"column":49},"end":{"line":82,"column":94}},"type":"cond-expr","locations":[{"start":{"line":82,"column":76},"end":{"line":82,"column":89}},{"start":{"line":82,"column":92},"end":{"line":82,"column":94}}]},"5":{"loc":{"start":{"line":88,"column":49},"end":{"line":88,"column":94}},"type":"cond-expr","locations":[{"start":{"line":88,"column":76},"end":{"line":88,"column":89}},{"start":{"line":88,"column":92},"end":{"line":88,"column":94}}]},"6":{"loc":{"start":{"line":97,"column":7},"end":{"line":114,"column":null}},"type":"binary-expr","locations":[{"start":{"line":97,"column":7},"end":{"line":97,"column":20}},{"start":{"line":98,"column":8},"end":{"line":113,"column":null}}]},"7":{"loc":{"start":{"line":99,"column":11},"end":{"line":100,"column":null}},"type":"binary-expr","locations":[{"start":{"line":99,"column":11},"end":{"line":99,"column":37}},{"start":{"line":100,"column":12},"end":{"line":100,"column":77}}]},"8":{"loc":{"start":{"line":102,"column":11},"end":{"line":103,"column":null}},"type":"binary-expr","locations":[{"start":{"line":102,"column":11},"end":{"line":102,"column":35}},{"start":{"line":103,"column":12},"end":{"line":103,"column":75}}]},"9":{"loc":{"start":{"line":105,"column":11},"end":{"line":106,"column":null}},"type":"binary-expr","locations":[{"start":{"line":105,"column":11},"end":{"line":105,"column":35}},{"start":{"line":106,"column":12},"end":{"line":106,"column":75}}]},"10":{"loc":{"start":{"line":108,"column":11},"end":{"line":112,"column":null}},"type":"binary-expr","locations":[{"start":{"line":108,"column":11},"end":{"line":108,"column":35}},{"start":{"line":109,"column":12},"end":{"line":111,"column":null}}]}},"s":{"0":1,"1":1,"2":1,"3":1,"4":1,"5":1,"6":3,"7":3,"8":3,"9":3,"10":3,"11":3,"12":1,"13":9,"14":0,"15":0,"16":0,"17":0,"18":0,"19":1},"f":{"0":3,"1":1,"2":9,"3":0,"4":0,"5":0,"6":0,"7":0},"b":{"0":[1,2],"1":[3,1],"2":[1,0],"3":[0,1],"4":[0,1],"5":[0,1],"6":[3,1],"7":[1,1],"8":[1,0],"9":[1,0],"10":[1,0]}}
,"C:\\projects\\peoplehub-web-frontend\\src\\pages\\attendance\\modes\\ClassicMode.tsx": {"path":"C:\\projects\\peoplehub-web-frontend\\src\\pages\\attendance\\modes\\ClassicMode.tsx","statementMap":{"0":{"start":{"line":1,"column":0},"end":{"line":1,"column":33}},"1":{"start":{"line":2,"column":0},"end":{"line":2,"column":46}},"2":{"start":{"line":16,"column":20},"end":{"line":81,"column":1}},"3":{"start":{"line":17,"column":38},"end":{"line":17,"column":75}},"4":{"start":{"line":19,"column":2},"end":{"line":19,"column":35}},"5":{"start":{"line":20,"column":2},"end":{"line":20,"column":31}},"6":{"start":{"line":22,"column":33},"end":{"line":27,"column":3}},"7":{"start":{"line":23,"column":4},"end":{"line":26,"column":8}},"8":{"start":{"line":23,"column":28},"end":{"line":25,"column":null}},"9":{"start":{"line":29,"column":23},"end":{"line":32,"column":3}},"10":{"start":{"line":30,"column":4},"end":{"line":30,"column":52}},"11":{"start":{"line":31,"column":4},"end":{"line":31,"column":41}},"12":{"start":{"line":34,"column":23},"end":{"line":36,"column":10}},"13":{"start":{"line":35,"column":16},"end":{"line":35,"column":31}},"14":{"start":{"line":37,"column":22},"end":{"line":39,"column":10}},"15":{"start":{"line":38,"column":16},"end":{"line":38,"column":32}},"16":{"start":{"line":41,"column":2},"end":{"line":80,"column":4}},"17":{"start":{"line":56,"column":10},"end":{"line":56,"column":31}},"18":{"start":{"line":61,"column":31},"end":{"line":61,"column":70}},"19":{"start":{"line":67,"column":31},"end":{"line":67,"column":71}},"20":{"start":{"line":83,"column":0},"end":{"line":83,"column":27}}},"fnMap":{"0":{"name":"(anonymous_1)","decl":{"start":{"line":16,"column":20},"end":{"line":16,"column":21}},"loc":{"start":{"line":16,"column":66},"end":{"line":81,"column":1}}},"1":{"name":"(anonymous_2)","decl":{"start":{"line":22,"column":33},"end":{"line":22,"column":34}},"loc":{"start":{"line":22,"column":74},"end":{"line":27,"column":3}}},"2":{"name":"(anonymous_3)","decl":{"start":{"line":23,"column":18},"end":{"line":23,"column":19}},"loc":{"start":{"line":23,"column":28},"end":{"line":25,"column":null}}},"3":{"name":"(anonymous_4)","decl":{"start":{"line":29,"column":23},"end":{"line":29,"column":26}},"loc":{"start":{"line":29,"column":28},"end":{"line":32,"column":3}}},"4":{"name":"(anonymous_5)","decl":{"start":{"line":35,"column":4},"end":{"line":35,"column":5}},"loc":{"start":{"line":35,"column":16},"end":{"line":35,"column":31}}},"5":{"name":"(anonymous_6)","decl":{"start":{"line":38,"column":4},"end":{"line":38,"column":5}},"loc":{"start":{"line":38,"column":16},"end":{"line":38,"column":32}}},"6":{"name":"(anonymous_7)","decl":{"start":{"line":55,"column":20},"end":{"line":55,"column":21}},"loc":{"start":{"line":56,"column":10},"end":{"line":56,"column":31}}},"7":{"name":"(anonymous_8)","decl":{"start":{"line":61,"column":25},"end":{"line":61,"column":28}},"loc":{"start":{"line":61,"column":31},"end":{"line":61,"column":70}}},"8":{"name":"(anonymous_9)","decl":{"start":{"line":67,"column":25},"end":{"line":67,"column":28}},"loc":{"start":{"line":67,"column":31},"end":{"line":67,"column":71}}}},"branchMap":{"0":{"loc":{"start":{"line":60,"column":71},"end":{"line":60,"column":129}},"type":"cond-expr","locations":[{"start":{"line":60,"column":104},"end":{"line":60,"column":124}},{"start":{"line":60,"column":127},"end":{"line":60,"column":129}}]},"1":{"loc":{"start":{"line":66,"column":70},"end":{"line":66,"column":128}},"type":"cond-expr","locations":[{"start":{"line":66,"column":104},"end":{"line":66,"column":123}},{"start":{"line":66,"column":126},"end":{"line":66,"column":128}}]}},"s":{"0":1,"1":1,"2":1,"3":1,"4":1,"5":1,"6":1,"7":0,"8":0,"9":1,"10":0,"11":0,"12":1,"13":0,"14":1,"15":0,"16":1,"17":4,"18":0,"19":0,"20":1},"f":{"0":1,"1":0,"2":0,"3":0,"4":0,"5":0,"6":4,"7":0,"8":0},"b":{"0":[0,4],"1":[0,4]}}
,"C:\\projects\\peoplehub-web-frontend\\src\\pages\\attendance\\modes\\QuickMode.tsx": {"path":"C:\\projects\\peoplehub-web-frontend\\src\\pages\\attendance\\modes\\QuickMode.tsx","statementMap":{"0":{"start":{"line":1,"column":0},"end":{"line":1,"column":33}},"1":{"start":{"line":2,"column":0},"end":{"line":2,"column":44}},"2":{"start":{"line":16,"column":18},"end":{"line":107,"column":1}},"3":{"start":{"line":17,"column":38},"end":{"line":17,"column":75}},"4":{"start":{"line":18,"column":36},"end":{"line":18,"column":66}},"5":{"start":{"line":20,"column":2},"end":{"line":20,"column":35}},"6":{"start":{"line":21,"column":2},"end":{"line":21,"column":31}},"7":{"start":{"line":22,"column":2},"end":{"line":22,"column":35}},"8":{"start":{"line":24,"column":26},"end":{"line":31,"column":3}},"9":{"start":{"line":25,"column":51},"end":{"line":25,"column":53}},"10":{"start":{"line":26,"column":4},"end":{"line":28,"column":7}},"11":{"start":{"line":27,"column":6},"end":{"line":27,"column":43}},"12":{"start":{"line":29,"column":4},"end":{"line":29,"column":33}},"13":{"start":{"line":30,"column":4},"end":{"line":30,"column":28}},"14":{"start":{"line":33,"column":29},"end":{"line":38,"column":3}},"15":{"start":{"line":34,"column":4},"end":{"line":37,"column":8}},"16":{"start":{"line":34,"column":28},"end":{"line":36,"column":null}},"17":{"start":{"line":40,"column":23},"end":{"line":43,"column":3}},"18":{"start":{"line":41,"column":4},"end":{"line":41,"column":52}},"19":{"start":{"line":42,"column":4},"end":{"line":42,"column":41}},"20":{"start":{"line":45,"column":23},"end":{"line":47,"column":10}},"21":{"start":{"line":46,"column":16},"end":{"line":46,"column":31}},"22":{"start":{"line":48,"column":22},"end":{"line":50,"column":10}},"23":{"start":{"line":49,"column":16},"end":{"line":49,"column":32}},"24":{"start":{"line":52,"column":2},"end":{"line":106,"column":4}},"25":{"start":{"line":62,"column":25},"end":{"line":62,"column":46}},"26":{"start":{"line":68,"column":25},"end":{"line":68,"column":47}},"27":{"start":{"line":82,"column":10},"end":{"line":82,"column":31}},"28":{"start":{"line":87,"column":31},"end":{"line":87,"column":66}},"29":{"start":{"line":93,"column":31},"end":{"line":93,"column":67}},"30":{"start":{"line":109,"column":0},"end":{"line":109,"column":25}}},"fnMap":{"0":{"name":"(anonymous_1)","decl":{"start":{"line":16,"column":18},"end":{"line":16,"column":19}},"loc":{"start":{"line":16,"column":62},"end":{"line":107,"column":1}}},"1":{"name":"(anonymous_2)","decl":{"start":{"line":24,"column":26},"end":{"line":24,"column":27}},"loc":{"start":{"line":24,"column":49},"end":{"line":31,"column":3}}},"2":{"name":"(anonymous_3)","decl":{"start":{"line":26,"column":19},"end":{"line":26,"column":20}},"loc":{"start":{"line":26,"column":30},"end":{"line":28,"column":5}}},"3":{"name":"(anonymous_4)","decl":{"start":{"line":33,"column":29},"end":{"line":33,"column":30}},"loc":{"start":{"line":33,"column":70},"end":{"line":38,"column":3}}},"4":{"name":"(anonymous_5)","decl":{"start":{"line":34,"column":18},"end":{"line":34,"column":19}},"loc":{"start":{"line":34,"column":28},"end":{"line":36,"column":null}}},"5":{"name":"(anonymous_6)","decl":{"start":{"line":40,"column":23},"end":{"line":40,"column":26}},"loc":{"start":{"line":40,"column":28},"end":{"line":43,"column":3}}},"6":{"name":"(anonymous_7)","decl":{"start":{"line":46,"column":4},"end":{"line":46,"column":5}},"loc":{"start":{"line":46,"column":16},"end":{"line":46,"column":31}}},"7":{"name":"(anonymous_8)","decl":{"start":{"line":49,"column":4},"end":{"line":49,"column":5}},"loc":{"start":{"line":49,"column":16},"end":{"line":49,"column":32}}},"8":{"name":"(anonymous_9)","decl":{"start":{"line":62,"column":19},"end":{"line":62,"column":22}},"loc":{"start":{"line":62,"column":25},"end":{"line":62,"column":46}}},"9":{"name":"(anonymous_10)","decl":{"start":{"line":68,"column":19},"end":{"line":68,"column":22}},"loc":{"start":{"line":68,"column":25},"end":{"line":68,"column":47}}},"10":{"name":"(anonymous_11)","decl":{"start":{"line":81,"column":20},"end":{"line":81,"column":21}},"loc":{"start":{"line":82,"column":10},"end":{"line":82,"column":31}}},"11":{"name":"(anonymous_12)","decl":{"start":{"line":87,"column":25},"end":{"line":87,"column":28}},"loc":{"start":{"line":87,"column":31},"end":{"line":87,"column":66}}},"12":{"name":"(anonymous_13)","decl":{"start":{"line":93,"column":25},"end":{"line":93,"column":28}},"loc":{"start":{"line":93,"column":31},"end":{"line":93,"column":67}}}},"branchMap":{"0":{"loc":{"start":{"line":86,"column":53},"end":{"line":86,"column":111}},"type":"cond-expr","locations":[{"start":{"line":86,"column":86},"end":{"line":86,"column":106}},{"start":{"line":86,"column":109},"end":{"line":86,"column":111}}]},"1":{"loc":{"start":{"line":92,"column":53},"end":{"line":92,"column":111}},"type":"cond-expr","locations":[{"start":{"line":92,"column":87},"end":{"line":92,"column":106}},{"start":{"line":92,"column":109},"end":{"line":92,"column":111}}]}},"s":{"0":1,"1":1,"2":1,"3":0,"4":0,"5":0,"6":0,"7":0,"8":0,"9":0,"10":0,"11":0,"12":0,"13":0,"14":0,"15":0,"16":0,"17":0,"18":0,"19":0,"20":0,"21":0,"22":0,"23":0,"24":0,"25":0,"26":0,"27":0,"28":0,"29":0,"30":1},"f":{"0":0,"1":0,"2":0,"3":0,"4":0,"5":0,"6":0,"7":0,"8":0,"9":0,"10":0,"11":0,"12":0},"b":{"0":[0,0],"1":[0,0]}}
,"C:\\projects\\peoplehub-web-frontend\\src\\pages\\attendance\\modes\\SwipeMode.tsx": {"path":"C:\\projects\\peoplehub-web-frontend\\src\\pages\\attendance\\modes\\SwipeMode.tsx","statementMap":{"0":{"start":{"line":1,"column":0},"end":{"line":1,"column":33}},"1":{"start":{"line":2,"column":0},"end":{"line":2,"column":44}},"2":{"start":{"line":16,"column":18},"end":{"line":114,"column":1}},"3":{"start":{"line":17,"column":42},"end":{"line":17,"column":53}},"4":{"start":{"line":18,"column":38},"end":{"line":18,"column":75}},"5":{"start":{"line":20,"column":2},"end":{"line":20,"column":35}},"6":{"start":{"line":21,"column":2},"end":{"line":21,"column":31}},"7":{"start":{"line":23,"column":24},"end":{"line":23,"column":44}},"8":{"start":{"line":25,"column":22},"end":{"line":38,"column":3}},"9":{"start":{"line":26,"column":4},"end":{"line":26,"column":31}},"10":{"start":{"line":26,"column":24},"end":{"line":26,"column":31}},"11":{"start":{"line":28,"column":4},"end":{"line":31,"column":8}},"12":{"start":{"line":28,"column":28},"end":{"line":30,"column":null}},"13":{"start":{"line":33,"column":4},"end":{"line":37,"column":5}},"14":{"start":{"line":34,"column":6},"end":{"line":34,"column":42}},"15":{"start":{"line":34,"column":32},"end":{"line":34,"column":40}},"16":{"start":{"line":36,"column":6},"end":{"line":36,"column":34}},"17":{"start":{"line":40,"column":23},"end":{"line":43,"column":3}},"18":{"start":{"line":41,"column":4},"end":{"line":41,"column":52}},"19":{"start":{"line":42,"column":4},"end":{"line":42,"column":41}},"20":{"start":{"line":45,"column":19},"end":{"line":45,"column":61}},"21":{"start":{"line":47,"column":2},"end":{"line":113,"column":4}},"22":{"start":{"line":74,"column":29},"end":{"line":74,"column":47}},"23":{"start":{"line":80,"column":29},"end":{"line":80,"column":46}},"24":{"start":{"line":100,"column":12},"end":{"line":100,"column":76}},"25":{"start":{"line":100,"column":38},"end":{"line":100,"column":75}},"26":{"start":{"line":107,"column":25},"end":{"line":107,"column":73}},"27":{"start":{"line":107,"column":51},"end":{"line":107,"column":72}},"28":{"start":{"line":116,"column":0},"end":{"line":116,"column":25}}},"fnMap":{"0":{"name":"(anonymous_1)","decl":{"start":{"line":16,"column":18},"end":{"line":16,"column":19}},"loc":{"start":{"line":16,"column":62},"end":{"line":114,"column":1}}},"1":{"name":"(anonymous_2)","decl":{"start":{"line":25,"column":22},"end":{"line":25,"column":23}},"loc":{"start":{"line":25,"column":45},"end":{"line":38,"column":3}}},"2":{"name":"(anonymous_3)","decl":{"start":{"line":28,"column":18},"end":{"line":28,"column":19}},"loc":{"start":{"line":28,"column":28},"end":{"line":30,"column":null}}},"3":{"name":"(anonymous_4)","decl":{"start":{"line":34,"column":22},"end":{"line":34,"column":23}},"loc":{"start":{"line":34,"column":32},"end":{"line":34,"column":40}}},"4":{"name":"(anonymous_5)","decl":{"start":{"line":40,"column":23},"end":{"line":40,"column":26}},"loc":{"start":{"line":40,"column":28},"end":{"line":43,"column":3}}},"5":{"name":"(anonymous_6)","decl":{"start":{"line":74,"column":23},"end":{"line":74,"column":26}},"loc":{"start":{"line":74,"column":29},"end":{"line":74,"column":47}}},"6":{"name":"(anonymous_7)","decl":{"start":{"line":80,"column":23},"end":{"line":80,"column":26}},"loc":{"start":{"line":80,"column":29},"end":{"line":80,"column":46}}},"7":{"name":"(anonymous_8)","decl":{"start":{"line":99,"column":19},"end":{"line":99,"column":22}},"loc":{"start":{"line":100,"column":12},"end":{"line":100,"column":76}}},"8":{"name":"(anonymous_9)","decl":{"start":{"line":100,"column":28},"end":{"line":100,"column":29}},"loc":{"start":{"line":100,"column":38},"end":{"line":100,"column":75}}},"9":{"name":"(anonymous_10)","decl":{"start":{"line":107,"column":19},"end":{"line":107,"column":22}},"loc":{"start":{"line":107,"column":25},"end":{"line":107,"column":73}}},"10":{"name":"(anonymous_11)","decl":{"start":{"line":107,"column":41},"end":{"line":107,"column":42}},"loc":{"start":{"line":107,"column":51},"end":{"line":107,"column":72}}}},"branchMap":{"0":{"loc":{"start":{"line":26,"column":4},"end":{"line":26,"column":31}},"type":"if","locations":[{"start":{"line":26,"column":4},"end":{"line":26,"column":31}},{"start":{},"end":{}}]},"1":{"loc":{"start":{"line":33,"column":4},"end":{"line":37,"column":5}},"type":"if","locations":[{"start":{"line":33,"column":4},"end":{"line":37,"column":5}},{"start":{"line":35,"column":11},"end":{"line":37,"column":5}}]},"2":{"loc":{"start":{"line":64,"column":7},"end":{"line":93,"column":null}},"type":"cond-expr","locations":[{"start":{"line":65,"column":8},"end":{"line":84,"column":null}},{"start":{"line":87,"column":8},"end":{"line":92,"column":null}}]}},"s":{"0":1,"1":1,"2":1,"3":0,"4":0,"5":0,"6":0,"7":0,"8":0,"9":0,"10":0,"11":0,"12":0,"13":0,"14":0,"15":0,"16":0,"17":0,"18":0,"19":0,"20":0,"21":0,"22":0,"23":0,"24":0,"25":0,"26":0,"27":0,"28":1},"f":{"0":0,"1":0,"2":0,"3":0,"4":0,"5":0,"6":0,"7":0,"8":0,"9":0,"10":0},"b":{"0":[0,0],"1":[0,0],"2":[0,0]}}
,"C:\\projects\\peoplehub-web-frontend\\src\\pages\\auth\\LoginPage.tsx": {"path":"C:\\projects\\peoplehub-web-frontend\\src\\pages\\auth\\LoginPage.tsx","statementMap":{"0":{"start":{"line":1,"column":0},"end":{"line":1,"column":44}},"1":{"start":{"line":2,"column":0},"end":{"line":2,"column":66}},"2":{"start":{"line":3,"column":0},"end":{"line":3,"column":58}},"3":{"start":{"line":4,"column":0},"end":{"line":4,"column":59}},"4":{"start":{"line":5,"column":0},"end":{"line":5,"column":60}},"5":{"start":{"line":6,"column":0},"end":{"line":6,"column":44}},"6":{"start":{"line":8,"column":18},"end":{"line":105,"column":1}},"7":{"start":{"line":9,"column":28},"end":{"line":9,"column":40}},"8":{"start":{"line":10,"column":36},"end":{"line":10,"column":51}},"9":{"start":{"line":12,"column":37},"end":{"line":12,"column":46}},"10":{"start":{"line":13,"column":19},"end":{"line":13,"column":32}},"11":{"start":{"line":14,"column":19},"end":{"line":14,"column":32}},"12":{"start":{"line":16,"column":2},"end":{"line":21,"column":44}},"13":{"start":{"line":17,"column":4},"end":{"line":20,"column":5}},"14":{"start":{"line":18,"column":19},"end":{"line":18,"column":56}},"15":{"start":{"line":19,"column":6},"end":{"line":19,"column":40}},"16":{"start":{"line":23,"column":22},"end":{"line":49,"column":3}},"17":{"start":{"line":24,"column":61},"end":{"line":27,"column":6}},"18":{"start":{"line":29,"column":4},"end":{"line":29,"column":23}},"19":{"start":{"line":30,"column":4},"end":{"line":30,"column":17}},"20":{"start":{"line":31,"column":4},"end":{"line":48,"column":5}},"21":{"start":{"line":32,"column":23},"end":{"line":32,"column":59}},"22":{"start":{"line":34,"column":6},"end":{"line":37,"column":7}},"23":{"start":{"line":35,"column":8},"end":{"line":35,"column":70}},"24":{"start":{"line":36,"column":8},"end":{"line":36,"column":15}},"25":{"start":{"line":39,"column":6},"end":{"line":42,"column":7}},"26":{"start":{"line":40,"column":8},"end":{"line":40,"column":29}},"27":{"start":{"line":41,"column":8},"end":{"line":41,"column":41}},"28":{"start":{"line":44,"column":6},"end":{"line":44,"column":44}},"29":{"start":{"line":45,"column":6},"end":{"line":45,"column":60}},"30":{"start":{"line":47,"column":6},"end":{"line":47,"column":26}},"31":{"start":{"line":51,"column":2},"end":{"line":51,"column":71}},"32":{"start":{"line":53,"column":2},"end":{"line":104,"column":4}},"33":{"start":{"line":107,"column":0},"end":{"line":107,"column":25}}},"fnMap":{"0":{"name":"(anonymous_1)","decl":{"start":{"line":8,"column":18},"end":{"line":8,"column":21}},"loc":{"start":{"line":8,"column":23},"end":{"line":105,"column":1}}},"1":{"name":"(anonymous_2)","decl":{"start":{"line":16,"column":12},"end":{"line":16,"column":15}},"loc":{"start":{"line":16,"column":17},"end":{"line":21,"column":3}}},"2":{"name":"(anonymous_3)","decl":{"start":{"line":23,"column":22},"end":{"line":23,"column":27}},"loc":{"start":{"line":23,"column":61},"end":{"line":49,"column":3}}}},"branchMap":{"0":{"loc":{"start":{"line":17,"column":4},"end":{"line":20,"column":5}},"type":"if","locations":[{"start":{"line":17,"column":4},"end":{"line":20,"column":5}},{"start":{},"end":{}}]},"1":{"loc":{"start":{"line":18,"column":19},"end":{"line":18,"column":56}},"type":"binary-expr","locations":[{"start":{"line":18,"column":19},"end":{"line":18,"column":49}},{"start":{"line":18,"column":53},"end":{"line":18,"column":56}}]},"2":{"loc":{"start":{"line":18,"column":19},"end":{"line":18,"column":49}},"type":"cond-expr","locations":[{"start":{"line":18,"column":39},"end":{"line":18,"column":41}},{"start":{"line":18,"column":39},"end":{"line":18,"column":49}}]},"3":{"loc":{"start":{"line":18,"column":19},"end":{"line":18,"column":41}},"type":"binary-expr","locations":[{"start":{"line":18,"column":19},"end":{"line":18,"column":41}},{"start":{"line":18,"column":39},"end":{"line":18,"column":41}}]},"4":{"loc":{"start":{"line":18,"column":19},"end":{"line":18,"column":39}},"type":"cond-expr","locations":[{"start":{"line":18,"column":33},"end":{"line":18,"column":35}},{"start":{"line":18,"column":33},"end":{"line":18,"column":39}}]},"5":{"loc":{"start":{"line":18,"column":19},"end":{"line":18,"column":35}},"type":"binary-expr","locations":[{"start":{"line":18,"column":19},"end":{"line":18,"column":35}},{"start":{"line":18,"column":33},"end":{"line":18,"column":35}}]},"6":{"loc":{"start":{"line":34,"column":6},"end":{"line":37,"column":7}},"type":"if","locations":[{"start":{"line":34,"column":6},"end":{"line":37,"column":7}},{"start":{},"end":{}}]},"7":{"loc":{"start":{"line":39,"column":6},"end":{"line":42,"column":7}},"type":"if","locations":[{"start":{"line":39,"column":6},"end":{"line":42,"column":7}},{"start":{},"end":{}}]},"8":{"loc":{"start":{"line":59,"column":9},"end":{"line":62,"column":null}},"type":"binary-expr","locations":[{"start":{"line":59,"column":9},"end":{"line":59,"column":14}},{"start":{"line":60,"column":10},"end":{"line":61,"column":null}}]}},"s":{"0":0,"1":0,"2":0,"3":0,"4":0,"5":0,"6":0,"7":0,"8":0,"9":0,"10":0,"11":0,"12":0,"13":0,"14":0,"15":0,"16":0,"17":0,"18":0,"19":0,"20":0,"21":0,"22":0,"23":0,"24":0,"25":0,"26":0,"27":0,"28":0,"29":0,"30":0,"31":0,"32":0,"33":0},"f":{"0":0,"1":0,"2":0},"b":{"0":[0,0],"1":[0,0],"2":[0,0],"3":[0,0],"4":[0,0],"5":[0,0],"6":[0,0],"7":[0,0],"8":[0,0]}}
,"C:\\projects\\peoplehub-web-frontend\\src\\pages\\auth\\RegisterPage.tsx": {"path":"C:\\projects\\peoplehub-web-frontend\\src\\pages\\auth\\RegisterPage.tsx","statementMap":{"0":{"start":{"line":1,"column":0},"end":{"line":1,"column":44}},"1":{"start":{"line":2,"column":0},"end":{"line":2,"column":66}},"2":{"start":{"line":3,"column":0},"end":{"line":3,"column":58}},"3":{"start":{"line":4,"column":0},"end":{"line":4,"column":59}},"4":{"start":{"line":5,"column":0},"end":{"line":5,"column":60}},"5":{"start":{"line":6,"column":0},"end":{"line":6,"column":47}},"6":{"start":{"line":8,"column":21},"end":{"line":130,"column":1}},"7":{"start":{"line":9,"column":28},"end":{"line":9,"column":40}},"8":{"start":{"line":10,"column":36},"end":{"line":10,"column":51}},"9":{"start":{"line":11,"column":37},"end":{"line":11,"column":46}},"10":{"start":{"line":12,"column":19},"end":{"line":12,"column":32}},"11":{"start":{"line":13,"column":19},"end":{"line":13,"column":32}},"12":{"start":{"line":15,"column":2},"end":{"line":20,"column":44}},"13":{"start":{"line":16,"column":4},"end":{"line":19,"column":5}},"14":{"start":{"line":17,"column":19},"end":{"line":17,"column":56}},"15":{"start":{"line":18,"column":6},"end":{"line":18,"column":40}},"16":{"start":{"line":22,"column":25},"end":{"line":65,"column":3}},"17":{"start":{"line":28,"column":8},"end":{"line":33,"column":6}},"18":{"start":{"line":35,"column":4},"end":{"line":38,"column":5}},"19":{"start":{"line":36,"column":6},"end":{"line":36,"column":47}},"20":{"start":{"line":37,"column":6},"end":{"line":37,"column":13}},"21":{"start":{"line":40,"column":4},"end":{"line":40,"column":23}},"22":{"start":{"line":41,"column":4},"end":{"line":41,"column":17}},"23":{"start":{"line":43,"column":4},"end":{"line":64,"column":5}},"24":{"start":{"line":44,"column":23},"end":{"line":48,"column":8}},"25":{"start":{"line":50,"column":6},"end":{"line":53,"column":7}},"26":{"start":{"line":51,"column":8},"end":{"line":51,"column":65}},"27":{"start":{"line":52,"column":8},"end":{"line":52,"column":15}},"28":{"start":{"line":55,"column":6},"end":{"line":58,"column":7}},"29":{"start":{"line":56,"column":8},"end":{"line":56,"column":29}},"30":{"start":{"line":57,"column":8},"end":{"line":57,"column":41}},"31":{"start":{"line":60,"column":6},"end":{"line":60,"column":47}},"32":{"start":{"line":61,"column":6},"end":{"line":61,"column":60}},"33":{"start":{"line":63,"column":6},"end":{"line":63,"column":26}},"34":{"start":{"line":67,"column":2},"end":{"line":129,"column":4}},"35":{"start":{"line":132,"column":0},"end":{"line":132,"column":28}}},"fnMap":{"0":{"name":"(anonymous_1)","decl":{"start":{"line":8,"column":21},"end":{"line":8,"column":24}},"loc":{"start":{"line":8,"column":26},"end":{"line":130,"column":1}}},"1":{"name":"(anonymous_2)","decl":{"start":{"line":15,"column":12},"end":{"line":15,"column":15}},"loc":{"start":{"line":15,"column":17},"end":{"line":20,"column":3}}},"2":{"name":"(anonymous_3)","decl":{"start":{"line":22,"column":25},"end":{"line":22,"column":30}},"loc":{"start":{"line":22,"column":64},"end":{"line":65,"column":3}}}},"branchMap":{"0":{"loc":{"start":{"line":16,"column":4},"end":{"line":19,"column":5}},"type":"if","locations":[{"start":{"line":16,"column":4},"end":{"line":19,"column":5}},{"start":{},"end":{}}]},"1":{"loc":{"start":{"line":17,"column":19},"end":{"line":17,"column":56}},"type":"binary-expr","locations":[{"start":{"line":17,"column":19},"end":{"line":17,"column":49}},{"start":{"line":17,"column":53},"end":{"line":17,"column":56}}]},"2":{"loc":{"start":{"line":17,"column":19},"end":{"line":17,"column":49}},"type":"cond-expr","locations":[{"start":{"line":17,"column":39},"end":{"line":17,"column":41}},{"start":{"line":17,"column":39},"end":{"line":17,"column":49}}]},"3":{"loc":{"start":{"line":17,"column":19},"end":{"line":17,"column":41}},"type":"binary-expr","locations":[{"start":{"line":17,"column":19},"end":{"line":17,"column":41}},{"start":{"line":17,"column":39},"end":{"line":17,"column":41}}]},"4":{"loc":{"start":{"line":17,"column":19},"end":{"line":17,"column":39}},"type":"cond-expr","locations":[{"start":{"line":17,"column":33},"end":{"line":17,"column":35}},{"start":{"line":17,"column":33},"end":{"line":17,"column":39}}]},"5":{"loc":{"start":{"line":17,"column":19},"end":{"line":17,"column":35}},"type":"binary-expr","locations":[{"start":{"line":17,"column":19},"end":{"line":17,"column":35}},{"start":{"line":17,"column":33},"end":{"line":17,"column":35}}]},"6":{"loc":{"start":{"line":35,"column":4},"end":{"line":38,"column":5}},"type":"if","locations":[{"start":{"line":35,"column":4},"end":{"line":38,"column":5}},{"start":{},"end":{}}]},"7":{"loc":{"start":{"line":50,"column":6},"end":{"line":53,"column":7}},"type":"if","locations":[{"start":{"line":50,"column":6},"end":{"line":53,"column":7}},{"start":{},"end":{}}]},"8":{"loc":{"start":{"line":55,"column":6},"end":{"line":58,"column":7}},"type":"if","locations":[{"start":{"line":55,"column":6},"end":{"line":58,"column":7}},{"start":{},"end":{}}]},"9":{"loc":{"start":{"line":73,"column":9},"end":{"line":76,"column":null}},"type":"binary-expr","locations":[{"start":{"line":73,"column":9},"end":{"line":73,"column":14}},{"start":{"line":74,"column":10},"end":{"line":75,"column":null}}]}},"s":{"0":0,"1":0,"2":0,"3":0,"4":0,"5":0,"6":0,"7":0,"8":0,"9":0,"10":0,"11":0,"12":0,"13":0,"14":0,"15":0,"16":0,"17":0,"18":0,"19":0,"20":0,"21":0,"22":0,"23":0,"24":0,"25":0,"26":0,"27":0,"28":0,"29":0,"30":0,"31":0,"32":0,"33":0,"34":0,"35":0},"f":{"0":0,"1":0,"2":0},"b":{"0":[0,0],"1":[0,0],"2":[0,0],"3":[0,0],"4":[0,0],"5":[0,0],"6":[0,0],"7":[0,0],"8":[0,0],"9":[0,0]}}
,"C:\\projects\\peoplehub-web-frontend\\src\\pages\\configuration\\Configuration.tsx": {"path":"C:\\projects\\peoplehub-web-frontend\\src\\pages\\configuration\\Configuration.tsx","statementMap":{"0":{"start":{"line":1,"column":22},"end":{"line":7,"column":1}},"1":{"start":{"line":2,"column":2},"end":{"line":6,"column":4}},"2":{"start":{"line":9,"column":0},"end":{"line":9,"column":29}}},"fnMap":{"0":{"name":"(anonymous_0)","decl":{"start":{"line":1,"column":22},"end":{"line":1,"column":25}},"loc":{"start":{"line":1,"column":27},"end":{"line":7,"column":1}}}},"branchMap":{},"s":{"0":0,"1":0,"2":0},"f":{"0":0},"b":{}}
,"C:\\projects\\peoplehub-web-frontend\\src\\pages\\files\\Files.tsx": {"path":"C:\\projects\\peoplehub-web-frontend\\src\\pages\\files\\Files.tsx","statementMap":{"0":{"start":{"line":1,"column":0},"end":{"line":1,"column":40}},"1":{"start":{"line":2,"column":0},"end":{"line":2,"column":63}},"2":{"start":{"line":4,"column":0},"end":{"line":4,"column":28}},"3":{"start":{"line":5,"column":0},"end":{"line":5,"column":59}},"4":{"start":{"line":14,"column":18},"end":{"line":14,"column":41}},"5":{"start":{"line":16,"column":24},"end":{"line":71,"column":1}},"6":{"start":{"line":17,"column":30},"end":{"line":30,"column":4}},"7":{"start":{"line":32,"column":27},"end":{"line":43,"column":3}},"8":{"start":{"line":33,"column":18},"end":{"line":33,"column":53}},"9":{"start":{"line":34,"column":4},"end":{"line":42,"column":5}},"10":{"start":{"line":35,"column":38},"end":{"line":40,"column":8}},"11":{"start":{"line":41,"column":6},"end":{"line":41,"column":39}},"12":{"start":{"line":45,"column":28},"end":{"line":52,"column":3}},"13":{"start":{"line":46,"column":21},"end":{"line":46,"column":65}},"14":{"start":{"line":47,"column":4},"end":{"line":51,"column":5}},"15":{"start":{"line":48,"column":6},"end":{"line":50,"column":8}},"16":{"start":{"line":49,"column":27},"end":{"line":49,"column":76}},"17":{"start":{"line":54,"column":2},"end":{"line":70,"column":4}},"18":{"start":{"line":73,"column":0},"end":{"line":73,"column":21}}},"fnMap":{"0":{"name":"(anonymous_1)","decl":{"start":{"line":16,"column":24},"end":{"line":16,"column":27}},"loc":{"start":{"line":16,"column":29},"end":{"line":71,"column":1}}},"1":{"name":"(anonymous_2)","decl":{"start":{"line":32,"column":27},"end":{"line":32,"column":28}},"loc":{"start":{"line":32,"column":50},"end":{"line":43,"column":3}}},"2":{"name":"(anonymous_3)","decl":{"start":{"line":45,"column":28},"end":{"line":45,"column":29}},"loc":{"start":{"line":45,"column":53},"end":{"line":52,"column":3}}},"3":{"name":"(anonymous_4)","decl":{"start":{"line":49,"column":19},"end":{"line":49,"column":20}},"loc":{"start":{"line":49,"column":27},"end":{"line":49,"column":76}}}},"branchMap":{"0":{"loc":{"start":{"line":34,"column":4},"end":{"line":42,"column":5}},"type":"if","locations":[{"start":{"line":34,"column":4},"end":{"line":42,"column":5}},{"start":{},"end":{}}]},"1":{"loc":{"start":{"line":47,"column":4},"end":{"line":51,"column":5}},"type":"if","locations":[{"start":{"line":47,"column":4},"end":{"line":51,"column":5}},{"start":{},"end":{}}]},"2":{"loc":{"start":{"line":49,"column":27},"end":{"line":49,"column":76}},"type":"cond-expr","locations":[{"start":{"line":49,"column":46},"end":{"line":49,"column":73}},{"start":{"line":49,"column":75},"end":{"line":49,"column":76}}]}},"s":{"0":0,"1":0,"2":0,"3":0,"4":0,"5":0,"6":0,"7":0,"8":0,"9":0,"10":0,"11":0,"12":0,"13":0,"14":0,"15":0,"16":0,"17":0,"18":0},"f":{"0":0,"1":0,"2":0,"3":0},"b":{"0":[0,0],"1":[0,0],"2":[0,0]}}
,"C:\\projects\\peoplehub-web-frontend\\src\\pages\\home\\GroupsGrid.tsx": {"path":"C:\\projects\\peoplehub-web-frontend\\src\\pages\\home\\GroupsGrid.tsx","statementMap":{"0":{"start":{"line":1,"column":0},"end":{"line":1,"column":45}},"1":{"start":{"line":2,"column":0},"end":{"line":2,"column":48}},"2":{"start":{"line":4,"column":19},"end":{"line":41,"column":1}},"3":{"start":{"line":5,"column":17},"end":{"line":12,"column":4}},"4":{"start":{"line":14,"column":2},"end":{"line":40,"column":4}},"5":{"start":{"line":33,"column":12},"end":{"line":33,"column":32}},"6":{"start":{"line":43,"column":0},"end":{"line":43,"column":26}}},"fnMap":{"0":{"name":"(anonymous_1)","decl":{"start":{"line":4,"column":19},"end":{"line":4,"column":22}},"loc":{"start":{"line":4,"column":24},"end":{"line":41,"column":1}}},"1":{"name":"(anonymous_2)","decl":{"start":{"line":32,"column":22},"end":{"line":32,"column":23}},"loc":{"start":{"line":33,"column":12},"end":{"line":33,"column":32}}}},"branchMap":{},"s":{"0":0,"1":0,"2":0,"3":0,"4":0,"5":0,"6":0},"f":{"0":0,"1":0},"b":{}}
,"C:\\projects\\peoplehub-web-frontend\\src\\pages\\home\\HomeCalendar.tsx": {"path":"C:\\projects\\peoplehub-web-frontend\\src\\pages\\home\\HomeCalendar.tsx","statementMap":{"0":{"start":{"line":1,"column":0},"end":{"line":1,"column":40}},"1":{"start":{"line":2,"column":0},"end":{"line":2,"column":63}},"2":{"start":{"line":4,"column":0},"end":{"line":4,"column":28}},"3":{"start":{"line":5,"column":0},"end":{"line":5,"column":59}},"4":{"start":{"line":6,"column":0},"end":{"line":6,"column":47}},"5":{"start":{"line":15,"column":18},"end":{"line":15,"column":41}},"6":{"start":{"line":17,"column":31},"end":{"line":72,"column":1}},"7":{"start":{"line":18,"column":30},"end":{"line":31,"column":4}},"8":{"start":{"line":33,"column":27},"end":{"line":44,"column":3}},"9":{"start":{"line":34,"column":18},"end":{"line":34,"column":53}},"10":{"start":{"line":35,"column":4},"end":{"line":43,"column":5}},"11":{"start":{"line":36,"column":38},"end":{"line":41,"column":8}},"12":{"start":{"line":42,"column":6},"end":{"line":42,"column":39}},"13":{"start":{"line":46,"column":28},"end":{"line":53,"column":3}},"14":{"start":{"line":47,"column":21},"end":{"line":47,"column":65}},"15":{"start":{"line":48,"column":4},"end":{"line":52,"column":5}},"16":{"start":{"line":49,"column":6},"end":{"line":51,"column":8}},"17":{"start":{"line":50,"column":27},"end":{"line":50,"column":76}},"18":{"start":{"line":55,"column":2},"end":{"line":71,"column":4}},"19":{"start":{"line":74,"column":0},"end":{"line":74,"column":28}}},"fnMap":{"0":{"name":"(anonymous_1)","decl":{"start":{"line":17,"column":31},"end":{"line":17,"column":34}},"loc":{"start":{"line":17,"column":36},"end":{"line":72,"column":1}}},"1":{"name":"(anonymous_2)","decl":{"start":{"line":33,"column":27},"end":{"line":33,"column":28}},"loc":{"start":{"line":33,"column":50},"end":{"line":44,"column":3}}},"2":{"name":"(anonymous_3)","decl":{"start":{"line":46,"column":28},"end":{"line":46,"column":29}},"loc":{"start":{"line":46,"column":53},"end":{"line":53,"column":3}}},"3":{"name":"(anonymous_4)","decl":{"start":{"line":50,"column":19},"end":{"line":50,"column":20}},"loc":{"start":{"line":50,"column":27},"end":{"line":50,"column":76}}}},"branchMap":{"0":{"loc":{"start":{"line":35,"column":4},"end":{"line":43,"column":5}},"type":"if","locations":[{"start":{"line":35,"column":4},"end":{"line":43,"column":5}},{"start":{},"end":{}}]},"1":{"loc":{"start":{"line":48,"column":4},"end":{"line":52,"column":5}},"type":"if","locations":[{"start":{"line":48,"column":4},"end":{"line":52,"column":5}},{"start":{},"end":{}}]},"2":{"loc":{"start":{"line":50,"column":27},"end":{"line":50,"column":76}},"type":"cond-expr","locations":[{"start":{"line":50,"column":46},"end":{"line":50,"column":73}},{"start":{"line":50,"column":75},"end":{"line":50,"column":76}}]}},"s":{"0":0,"1":0,"2":0,"3":0,"4":0,"5":0,"6":0,"7":0,"8":0,"9":0,"10":0,"11":0,"12":0,"13":0,"14":0,"15":0,"16":0,"17":0,"18":0,"19":0},"f":{"0":0,"1":0,"2":0,"3":0},"b":{"0":[0,0],"1":[0,0],"2":[0,0]}}
,"C:\\projects\\peoplehub-web-frontend\\src\\pages\\home\\HomePage.tsx": {"path":"C:\\projects\\peoplehub-web-frontend\\src\\pages\\home\\HomePage.tsx","statementMap":{"0":{"start":{"line":1,"column":0},"end":{"line":1,"column":43}},"1":{"start":{"line":2,"column":0},"end":{"line":2,"column":38}},"2":{"start":{"line":3,"column":0},"end":{"line":3,"column":42}},"3":{"start":{"line":5,"column":17},"end":{"line":30,"column":1}},"4":{"start":{"line":6,"column":17},"end":{"line":13,"column":4}},"5":{"start":{"line":15,"column":2},"end":{"line":15,"column":22}},"6":{"start":{"line":17,"column":2},"end":{"line":29,"column":4}},"7":{"start":{"line":32,"column":0},"end":{"line":32,"column":24}}},"fnMap":{"0":{"name":"(anonymous_1)","decl":{"start":{"line":5,"column":17},"end":{"line":5,"column":20}},"loc":{"start":{"line":5,"column":22},"end":{"line":30,"column":1}}}},"branchMap":{},"s":{"0":0,"1":0,"2":0,"3":0,"4":0,"5":0,"6":0,"7":0},"f":{"0":0},"b":{}}
,"C:\\projects\\peoplehub-web-frontend\\src\\pages\\login\\LoginPage.tsx": {"path":"C:\\projects\\peoplehub-web-frontend\\src\\pages\\login\\LoginPage.tsx","statementMap":{"0":{"start":{"line":1,"column":0},"end":{"line":1,"column":51}},"1":{"start":{"line":2,"column":0},"end":{"line":2,"column":47}},"2":{"start":{"line":3,"column":0},"end":{"line":3,"column":60}},"3":{"start":{"line":4,"column":0},"end":{"line":4,"column":58}},"4":{"start":{"line":5,"column":0},"end":{"line":5,"column":50}},"5":{"start":{"line":7,"column":18},"end":{"line":66,"column":1}},"6":{"start":{"line":8,"column":28},"end":{"line":8,"column":40}},"7":{"start":{"line":9,"column":34},"end":{"line":9,"column":46}},"8":{"start":{"line":10,"column":28},"end":{"line":10,"column":40}},"9":{"start":{"line":11,"column":37},"end":{"line":11,"column":46}},"10":{"start":{"line":12,"column":19},"end":{"line":12,"column":32}},"11":{"start":{"line":14,"column":2},"end":{"line":19,"column":51}},"12":{"start":{"line":15,"column":4},"end":{"line":17,"column":5}},"13":{"start":{"line":16,"column":6},"end":{"line":16,"column":39}},"14":{"start":{"line":18,"column":4},"end":{"line":18,"column":17}},"15":{"start":{"line":21,"column":23},"end":{"line":35,"column":3}},"16":{"start":{"line":22,"column":4},"end":{"line":22,"column":23}},"17":{"start":{"line":23,"column":4},"end":{"line":34,"column":5}},"18":{"start":{"line":24,"column":23},"end":{"line":24,"column":67}},"19":{"start":{"line":25,"column":6},"end":{"line":28,"column":7}},"20":{"start":{"line":26,"column":8},"end":{"line":26,"column":80}},"21":{"start":{"line":27,"column":8},"end":{"line":27,"column":15}},"22":{"start":{"line":29,"column":6},"end":{"line":29,"column":27}},"23":{"start":{"line":30,"column":6},"end":{"line":30,"column":39}},"24":{"start":{"line":32,"column":6},"end":{"line":32,"column":25}},"25":{"start":{"line":33,"column":6},"end":{"line":33,"column":43}},"26":{"start":{"line":37,"column":2},"end":{"line":65,"column":4}},"27":{"start":{"line":48,"column":29},"end":{"line":48,"column":53}},"28":{"start":{"line":58,"column":29},"end":{"line":58,"column":56}},"29":{"start":{"line":68,"column":0},"end":{"line":68,"column":25}}},"fnMap":{"0":{"name":"(anonymous_0)","decl":{"start":{"line":7,"column":18},"end":{"line":7,"column":21}},"loc":{"start":{"line":7,"column":23},"end":{"line":66,"column":1}}},"1":{"name":"(anonymous_1)","decl":{"start":{"line":14,"column":12},"end":{"line":14,"column":15}},"loc":{"start":{"line":14,"column":17},"end":{"line":19,"column":3}}},"2":{"name":"(anonymous_2)","decl":{"start":{"line":21,"column":23},"end":{"line":21,"column":28}},"loc":{"start":{"line":21,"column":52},"end":{"line":35,"column":3}}},"3":{"name":"(anonymous_3)","decl":{"start":{"line":48,"column":22},"end":{"line":48,"column":23}},"loc":{"start":{"line":48,"column":29},"end":{"line":48,"column":53}}},"4":{"name":"(anonymous_4)","decl":{"start":{"line":58,"column":22},"end":{"line":58,"column":23}},"loc":{"start":{"line":58,"column":29},"end":{"line":58,"column":56}}}},"branchMap":{"0":{"loc":{"start":{"line":15,"column":4},"end":{"line":17,"column":5}},"type":"if","locations":[{"start":{"line":15,"column":4},"end":{"line":17,"column":5}},{"start":{},"end":{}}]},"1":{"loc":{"start":{"line":25,"column":6},"end":{"line":28,"column":7}},"type":"if","locations":[{"start":{"line":25,"column":6},"end":{"line":28,"column":7}},{"start":{},"end":{}}]},"2":{"loc":{"start":{"line":25,"column":10},"end":{"line":25,"column":52}},"type":"binary-expr","locations":[{"start":{"line":25,"column":10},"end":{"line":25,"column":39}},{"start":{"line":25,"column":43},"end":{"line":25,"column":52}}]},"3":{"loc":{"start":{"line":40,"column":7},"end":{"line":40,"column":48}},"type":"binary-expr","locations":[{"start":{"line":40,"column":7},"end":{"line":40,"column":12}},{"start":{"line":40,"column":16},"end":{"line":40,"column":48}}]}},"s":{"0":0,"1":0,"2":0,"3":0,"4":0,"5":0,"6":0,"7":0,"8":0,"9":0,"10":0,"11":0,"12":0,"13":0,"14":0,"15":0,"16":0,"17":0,"18":0,"19":0,"20":0,"21":0,"22":0,"23":0,"24":0,"25":0,"26":0,"27":0,"28":0,"29":0},"f":{"0":0,"1":0,"2":0,"3":0,"4":0},"b":{"0":[0,0],"1":[0,0],"2":[0,0],"3":[0,0]}}
,"C:\\projects\\peoplehub-web-frontend\\src\\shared\\ui\\Button.tsx": {"path":"C:\\projects\\peoplehub-web-frontend\\src\\shared\\ui\\Button.tsx","statementMap":{"0":{"start":{"line":7,"column":45},"end":{"line":23,"column":1}},"1":{"start":{"line":9,"column":21},"end":{"line":9,"column":null}},"2":{"start":{"line":10,"column":10},"end":{"line":11,"column":3}},"3":{"start":{"line":12,"column":22},"end":{"line":12,"column":53}},"4":{"start":{"line":13,"column":25},"end":{"line":16,"column":4}},"5":{"start":{"line":18,"column":2},"end":{"line":22,"column":4}},"6":{"start":{"line":7,"column":13},"end":{"line":7,"column":45}}},"fnMap":{"0":{"name":"(anonymous_1)","decl":{"start":{"line":7,"column":45},"end":{"line":7,"column":46}},"loc":{"start":{"line":11,"column":5},"end":{"line":23,"column":1}}}},"branchMap":{"0":{"loc":{"start":{"line":9,"column":2},"end":{"line":9,"column":21}},"type":"default-arg","locations":[{"start":{"line":9,"column":12},"end":{"line":9,"column":21}}]}},"s":{"0":0,"1":0,"2":0,"3":0,"4":0,"5":0,"6":0},"f":{"0":0},"b":{"0":[0]}}
,"C:\\projects\\peoplehub-web-frontend\\src\\shared\\ui\\Loading.tsx": {"path":"C:\\projects\\peoplehub-web-frontend\\src\\shared\\ui\\Loading.tsx","statementMap":{"0":{"start":{"line":2,"column":0},"end":{"line":2,"column":42}},"1":{"start":{"line":11,"column":40},"end":{"line":31,"column":1}},"2":{"start":{"line":17,"column":23},"end":{"line":17,"column":136}},"3":{"start":{"line":20,"column":4},"end":{"line":22,"column":null}},"4":{"start":{"line":26,"column":2},"end":{"line":28,"column":3}},"5":{"start":{"line":27,"column":4},"end":{"line":27,"column":59}},"6":{"start":{"line":30,"column":2},"end":{"line":30,"column":17}},"7":{"start":{"line":33,"column":0},"end":{"line":33,"column":23}}},"fnMap":{"0":{"name":"(anonymous_1)","decl":{"start":{"line":11,"column":40},"end":{"line":11,"column":41}},"loc":{"start":{"line":16,"column":5},"end":{"line":31,"column":1}}}},"branchMap":{"0":{"loc":{"start":{"line":12,"column":2},"end":{"line":12,"column":17}},"type":"default-arg","locations":[{"start":{"line":12,"column":9},"end":{"line":12,"column":17}}]},"1":{"loc":{"start":{"line":14,"column":2},"end":{"line":14,"column":17}},"type":"default-arg","locations":[{"start":{"line":14,"column":12},"end":{"line":14,"column":17}}]},"2":{"loc":{"start":{"line":15,"column":2},"end":{"line":15,"column":16}},"type":"default-arg","locations":[{"start":{"line":15,"column":11},"end":{"line":15,"column":16}}]},"3":{"loc":{"start":{"line":17,"column":44},"end":{"line":17,"column":87}},"type":"cond-expr","locations":[{"start":{"line":17,"column":63},"end":{"line":17,"column":82}},{"start":{"line":17,"column":85},"end":{"line":17,"column":87}}]},"4":{"loc":{"start":{"line":17,"column":91},"end":{"line":17,"column":134}},"type":"cond-expr","locations":[{"start":{"line":17,"column":110},"end":{"line":17,"column":129}},{"start":{"line":17,"column":132},"end":{"line":17,"column":134}}]},"5":{"loc":{"start":{"line":20,"column":20},"end":{"line":20,"column":68}},"type":"cond-expr","locations":[{"start":{"line":20,"column":29},"end":{"line":20,"column":42}},{"start":{"line":20,"column":45},"end":{"line":20,"column":68}}]},"6":{"loc":{"start":{"line":22,"column":7},"end":{"line":22,"column":52}},"type":"binary-expr","locations":[{"start":{"line":22,"column":7},"end":{"line":22,"column":11}},{"start":{"line":22,"column":15},"end":{"line":22,"column":52}}]},"7":{"loc":{"start":{"line":26,"column":2},"end":{"line":28,"column":3}},"type":"if","locations":[{"start":{"line":26,"column":2},"end":{"line":28,"column":3}},{"start":{},"end":{}}]}},"s":{"0":0,"1":0,"2":0,"3":0,"4":0,"5":0,"6":0,"7":0},"f":{"0":0},"b":{"0":[0],"1":[0],"2":[0],"3":[0,0],"4":[0,0],"5":[0,0],"6":[0,0],"7":[0,0]}}
,"C:\\projects\\peoplehub-web-frontend\\src\\shared\\utils\\authUtils.ts": {"path":"C:\\projects\\peoplehub-web-frontend\\src\\shared\\utils\\authUtils.ts","statementMap":{"0":{"start":{"line":3,"column":27},"end":{"line":11,"column":1}},"1":{"start":{"line":4,"column":2},"end":{"line":4,"column":61}},"2":{"start":{"line":5,"column":2},"end":{"line":5,"column":69}},"3":{"start":{"line":6,"column":2},"end":{"line":6,"column":62}},"4":{"start":{"line":7,"column":2},"end":{"line":10,"column":4}},"5":{"start":{"line":3,"column":13},"end":{"line":3,"column":27}},"6":{"start":{"line":13,"column":28},"end":{"line":18,"column":1}},"7":{"start":{"line":14,"column":2},"end":{"line":14,"column":41}},"8":{"start":{"line":15,"column":2},"end":{"line":15,"column":42}},"9":{"start":{"line":16,"column":2},"end":{"line":16,"column":34}},"10":{"start":{"line":17,"column":2},"end":{"line":17,"column":39}},"11":{"start":{"line":13,"column":13},"end":{"line":13,"column":28}},"12":{"start":{"line":20,"column":30},"end":{"line":20,"column":71}},"13":{"start":{"line":20,"column":36},"end":{"line":20,"column":71}},"14":{"start":{"line":20,"column":13},"end":{"line":20,"column":30}},"15":{"start":{"line":21,"column":31},"end":{"line":21,"column":73}},"16":{"start":{"line":21,"column":37},"end":{"line":21,"column":73}},"17":{"start":{"line":21,"column":13},"end":{"line":21,"column":31}},"18":{"start":{"line":22,"column":30},"end":{"line":22,"column":77}},"19":{"start":{"line":22,"column":36},"end":{"line":22,"column":77}},"20":{"start":{"line":22,"column":13},"end":{"line":22,"column":30}}},"fnMap":{"0":{"name":"(anonymous_0)","decl":{"start":{"line":3,"column":27},"end":{"line":3,"column":28}},"loc":{"start":{"line":3,"column":54},"end":{"line":11,"column":1}}},"1":{"name":"(anonymous_1)","decl":{"start":{"line":13,"column":28},"end":{"line":13,"column":31}},"loc":{"start":{"line":13,"column":33},"end":{"line":18,"column":1}}},"2":{"name":"(anonymous_2)","decl":{"start":{"line":20,"column":30},"end":{"line":20,"column":33}},"loc":{"start":{"line":20,"column":36},"end":{"line":20,"column":71}}},"3":{"name":"(anonymous_3)","decl":{"start":{"line":21,"column":31},"end":{"line":21,"column":34}},"loc":{"start":{"line":21,"column":37},"end":{"line":21,"column":73}}},"4":{"name":"(anonymous_4)","decl":{"start":{"line":22,"column":30},"end":{"line":22,"column":33}},"loc":{"start":{"line":22,"column":36},"end":{"line":22,"column":77}}}},"branchMap":{"0":{"loc":{"start":{"line":5,"column":39},"end":{"line":5,"column":67}},"type":"binary-expr","locations":[{"start":{"line":5,"column":39},"end":{"line":5,"column":61}},{"start":{"line":5,"column":65},"end":{"line":5,"column":67}}]}},"s":{"0":0,"1":0,"2":0,"3":0,"4":0,"5":0,"6":0,"7":0,"8":0,"9":0,"10":0,"11":0,"12":0,"13":0,"14":0,"15":0,"16":0,"17":0,"18":0,"19":0,"20":0},"f":{"0":0,"1":0,"2":0,"3":0,"4":0},"b":{"0":[0,0]}}
,"C:\\projects\\peoplehub-web-frontend\\src\\shared\\utils\\helpers.ts": {"path":"C:\\projects\\peoplehub-web-frontend\\src\\shared\\utils\\helpers.ts","statementMap":{"0":{"start":{"line":1,"column":26},"end":{"line":3,"column":1}},"1":{"start":{"line":2,"column":2},"end":{"line":2,"column":51}},"2":{"start":{"line":1,"column":13},"end":{"line":1,"column":26}},"3":{"start":{"line":5,"column":29},"end":{"line":7,"column":1}},"4":{"start":{"line":6,"column":2},"end":{"line":6,"column":39}},"5":{"start":{"line":5,"column":13},"end":{"line":5,"column":29}}},"fnMap":{"0":{"name":"(anonymous_0)","decl":{"start":{"line":1,"column":26},"end":{"line":1,"column":27}},"loc":{"start":{"line":1,"column":57},"end":{"line":3,"column":1}}},"1":{"name":"(anonymous_1)","decl":{"start":{"line":5,"column":29},"end":{"line":5,"column":30}},"loc":{"start":{"line":5,"column":54},"end":{"line":7,"column":1}}}},"branchMap":{},"s":{"0":0,"1":0,"2":0,"3":0,"4":0,"5":0},"f":{"0":0,"1":0},"b":{}}
}
