{"C:\\projects\\peoplehub-web-frontend\\src\\pages\\attendance\\AttendancePage.tsx": {"path":"C:\\projects\\peoplehub-web-frontend\\src\\pages\\attendance\\AttendancePage.tsx","statementMap":{"0":{"start":{"line":1,"column":0},"end":{"line":1,"column":33}},"1":{"start":{"line":2,"column":0},"end":{"line":2,"column":50}},"2":{"start":{"line":3,"column":0},"end":{"line":3,"column":46}},"3":{"start":{"line":4,"column":0},"end":{"line":4,"column":46}},"4":{"start":{"line":5,"column":0},"end":{"line":5,"column":49}},"5":{"start":{"line":9,"column":23},"end":{"line":118,"column":1}},"6":{"start":{"line":10,"column":44},"end":{"line":10,"column":56}},"7":{"start":{"line":11,"column":42},"end":{"line":11,"column":77}},"8":{"start":{"line":12,"column":26},"end":{"line":12,"column":46}},"9":{"start":{"line":14,"column":17},"end":{"line":18,"column":4}},"10":{"start":{"line":20,"column":17},"end":{"line":27,"column":8}},"11":{"start":{"line":29,"column":2},"end":{"line":117,"column":4}},"12":{"start":{"line":40,"column":27},"end":{"line":40,"column":59}},"13":{"start":{"line":45,"column":12},"end":{"line":45,"column":35}},"14":{"start":{"line":60,"column":27},"end":{"line":60,"column":60}},"15":{"start":{"line":71,"column":29},"end":{"line":71,"column":55}},"16":{"start":{"line":77,"column":29},"end":{"line":77,"column":53}},"17":{"start":{"line":83,"column":29},"end":{"line":83,"column":53}},"18":{"start":{"line":89,"column":29},"end":{"line":89,"column":53}},"19":{"start":{"line":120,"column":0},"end":{"line":120,"column":30}}},"fnMap":{"0":{"name":"(anonymous_1)","decl":{"start":{"line":9,"column":23},"end":{"line":9,"column":26}},"loc":{"start":{"line":9,"column":28},"end":{"line":118,"column":1}}},"1":{"name":"(anonymous_2)","decl":{"start":{"line":40,"column":20},"end":{"line":40,"column":21}},"loc":{"start":{"line":40,"column":27},"end":{"line":40,"column":59}}},"2":{"name":"(anonymous_3)","decl":{"start":{"line":44,"column":22},"end":{"line":44,"column":23}},"loc":{"start":{"line":45,"column":12},"end":{"line":45,"column":35}}},"3":{"name":"(anonymous_4)","decl":{"start":{"line":60,"column":20},"end":{"line":60,"column":21}},"loc":{"start":{"line":60,"column":27},"end":{"line":60,"column":60}}},"4":{"name":"(anonymous_5)","decl":{"start":{"line":71,"column":23},"end":{"line":71,"column":26}},"loc":{"start":{"line":71,"column":29},"end":{"line":71,"column":55}}},"5":{"name":"(anonymous_6)","decl":{"start":{"line":77,"column":23},"end":{"line":77,"column":26}},"loc":{"start":{"line":77,"column":29},"end":{"line":77,"column":53}}},"6":{"name":"(anonymous_7)","decl":{"start":{"line":83,"column":23},"end":{"line":83,"column":26}},"loc":{"start":{"line":83,"column":29},"end":{"line":83,"column":53}}},"7":{"name":"(anonymous_8)","decl":{"start":{"line":89,"column":23},"end":{"line":89,"column":26}},"loc":{"start":{"line":89,"column":29},"end":{"line":89,"column":53}}}},"branchMap":{"0":{"loc":{"start":{"line":20,"column":17},"end":{"line":27,"column":8}},"type":"cond-expr","locations":[{"start":{"line":21,"column":6},"end":{"line":26,"column":null}},{"start":{"line":27,"column":6},"end":{"line":27,"column":8}}]},"1":{"loc":{"start":{"line":65,"column":7},"end":{"line":94,"column":null}},"type":"binary-expr","locations":[{"start":{"line":65,"column":7},"end":{"line":65,"column":20}},{"start":{"line":66,"column":8},"end":{"line":93,"column":null}}]},"2":{"loc":{"start":{"line":70,"column":49},"end":{"line":70,"column":96}},"type":"cond-expr","locations":[{"start":{"line":70,"column":78},"end":{"line":70,"column":91}},{"start":{"line":70,"column":94},"end":{"line":70,"column":96}}]},"3":{"loc":{"start":{"line":76,"column":49},"end":{"line":76,"column":94}},"type":"cond-expr","locations":[{"start":{"line":76,"column":76},"end":{"line":76,"column":89}},{"start":{"line":76,"column":92},"end":{"line":76,"column":94}}]},"4":{"loc":{"start":{"line":82,"column":49},"end":{"line":82,"column":94}},"type":"cond-expr","locations":[{"start":{"line":82,"column":76},"end":{"line":82,"column":89}},{"start":{"line":82,"column":92},"end":{"line":82,"column":94}}]},"5":{"loc":{"start":{"line":88,"column":49},"end":{"line":88,"column":94}},"type":"cond-expr","locations":[{"start":{"line":88,"column":76},"end":{"line":88,"column":89}},{"start":{"line":88,"column":92},"end":{"line":88,"column":94}}]},"6":{"loc":{"start":{"line":97,"column":7},"end":{"line":114,"column":null}},"type":"binary-expr","locations":[{"start":{"line":97,"column":7},"end":{"line":97,"column":20}},{"start":{"line":98,"column":8},"end":{"line":113,"column":null}}]},"7":{"loc":{"start":{"line":99,"column":11},"end":{"line":100,"column":null}},"type":"binary-expr","locations":[{"start":{"line":99,"column":11},"end":{"line":99,"column":37}},{"start":{"line":100,"column":12},"end":{"line":100,"column":77}}]},"8":{"loc":{"start":{"line":102,"column":11},"end":{"line":103,"column":null}},"type":"binary-expr","locations":[{"start":{"line":102,"column":11},"end":{"line":102,"column":35}},{"start":{"line":103,"column":12},"end":{"line":103,"column":75}}]},"9":{"loc":{"start":{"line":105,"column":11},"end":{"line":106,"column":null}},"type":"binary-expr","locations":[{"start":{"line":105,"column":11},"end":{"line":105,"column":35}},{"start":{"line":106,"column":12},"end":{"line":106,"column":75}}]},"10":{"loc":{"start":{"line":108,"column":11},"end":{"line":112,"column":null}},"type":"binary-expr","locations":[{"start":{"line":108,"column":11},"end":{"line":108,"column":35}},{"start":{"line":109,"column":12},"end":{"line":111,"column":null}}]}},"s":{"0":1,"1":1,"2":1,"3":1,"4":1,"5":1,"6":3,"7":3,"8":3,"9":3,"10":3,"11":3,"12":1,"13":9,"14":0,"15":0,"16":0,"17":0,"18":0,"19":1},"f":{"0":3,"1":1,"2":9,"3":0,"4":0,"5":0,"6":0,"7":0},"b":{"0":[1,2],"1":[3,1],"2":[1,0],"3":[0,1],"4":[0,1],"5":[0,1],"6":[3,1],"7":[1,1],"8":[1,0],"9":[1,0],"10":[1,0]}}
,"C:\\projects\\peoplehub-web-frontend\\src\\pages\\attendance\\modes\\ClassicMode.tsx": {"path":"C:\\projects\\peoplehub-web-frontend\\src\\pages\\attendance\\modes\\ClassicMode.tsx","statementMap":{"0":{"start":{"line":1,"column":0},"end":{"line":1,"column":33}},"1":{"start":{"line":2,"column":0},"end":{"line":2,"column":46}},"2":{"start":{"line":16,"column":20},"end":{"line":81,"column":1}},"3":{"start":{"line":17,"column":38},"end":{"line":17,"column":75}},"4":{"start":{"line":19,"column":2},"end":{"line":19,"column":35}},"5":{"start":{"line":20,"column":2},"end":{"line":20,"column":31}},"6":{"start":{"line":22,"column":33},"end":{"line":27,"column":3}},"7":{"start":{"line":23,"column":4},"end":{"line":26,"column":8}},"8":{"start":{"line":23,"column":29},"end":{"line":26,"column":6}},"9":{"start":{"line":29,"column":23},"end":{"line":32,"column":3}},"10":{"start":{"line":30,"column":4},"end":{"line":30,"column":52}},"11":{"start":{"line":31,"column":4},"end":{"line":31,"column":41}},"12":{"start":{"line":34,"column":23},"end":{"line":36,"column":10}},"13":{"start":{"line":35,"column":16},"end":{"line":35,"column":31}},"14":{"start":{"line":37,"column":22},"end":{"line":39,"column":10}},"15":{"start":{"line":38,"column":16},"end":{"line":38,"column":32}},"16":{"start":{"line":41,"column":2},"end":{"line":80,"column":4}},"17":{"start":{"line":56,"column":10},"end":{"line":56,"column":31}},"18":{"start":{"line":61,"column":31},"end":{"line":61,"column":70}},"19":{"start":{"line":67,"column":31},"end":{"line":67,"column":71}},"20":{"start":{"line":83,"column":0},"end":{"line":83,"column":27}}},"fnMap":{"0":{"name":"(anonymous_1)","decl":{"start":{"line":16,"column":20},"end":{"line":16,"column":21}},"loc":{"start":{"line":16,"column":66},"end":{"line":81,"column":1}}},"1":{"name":"(anonymous_2)","decl":{"start":{"line":22,"column":33},"end":{"line":22,"column":34}},"loc":{"start":{"line":22,"column":74},"end":{"line":27,"column":3}}},"2":{"name":"(anonymous_3)","decl":{"start":{"line":23,"column":18},"end":{"line":23,"column":19}},"loc":{"start":{"line":23,"column":29},"end":{"line":26,"column":6}}},"3":{"name":"(anonymous_4)","decl":{"start":{"line":29,"column":23},"end":{"line":29,"column":26}},"loc":{"start":{"line":29,"column":28},"end":{"line":32,"column":3}}},"4":{"name":"(anonymous_5)","decl":{"start":{"line":35,"column":4},"end":{"line":35,"column":5}},"loc":{"start":{"line":35,"column":16},"end":{"line":35,"column":31}}},"5":{"name":"(anonymous_6)","decl":{"start":{"line":38,"column":4},"end":{"line":38,"column":5}},"loc":{"start":{"line":38,"column":16},"end":{"line":38,"column":32}}},"6":{"name":"(anonymous_7)","decl":{"start":{"line":55,"column":20},"end":{"line":55,"column":21}},"loc":{"start":{"line":56,"column":10},"end":{"line":56,"column":31}}},"7":{"name":"(anonymous_8)","decl":{"start":{"line":61,"column":25},"end":{"line":61,"column":28}},"loc":{"start":{"line":61,"column":31},"end":{"line":61,"column":70}}},"8":{"name":"(anonymous_9)","decl":{"start":{"line":67,"column":25},"end":{"line":67,"column":28}},"loc":{"start":{"line":67,"column":31},"end":{"line":67,"column":71}}}},"branchMap":{"0":{"loc":{"start":{"line":60,"column":71},"end":{"line":60,"column":129}},"type":"cond-expr","locations":[{"start":{"line":60,"column":104},"end":{"line":60,"column":124}},{"start":{"line":60,"column":127},"end":{"line":60,"column":129}}]},"1":{"loc":{"start":{"line":66,"column":70},"end":{"line":66,"column":128}},"type":"cond-expr","locations":[{"start":{"line":66,"column":104},"end":{"line":66,"column":123}},{"start":{"line":66,"column":126},"end":{"line":66,"column":128}}]}},"s":{"0":1,"1":1,"2":1,"3":1,"4":1,"5":1,"6":1,"7":0,"8":0,"9":1,"10":0,"11":0,"12":1,"13":0,"14":1,"15":0,"16":1,"17":4,"18":0,"19":0,"20":1},"f":{"0":1,"1":0,"2":0,"3":0,"4":0,"5":0,"6":4,"7":0,"8":0},"b":{"0":[0,4],"1":[0,4]}}
,"C:\\projects\\peoplehub-web-frontend\\src\\pages\\attendance\\modes\\QuickMode.tsx": {"path":"C:\\projects\\peoplehub-web-frontend\\src\\pages\\attendance\\modes\\QuickMode.tsx","statementMap":{"0":{"start":{"line":1,"column":0},"end":{"line":1,"column":33}},"1":{"start":{"line":2,"column":0},"end":{"line":2,"column":44}},"2":{"start":{"line":16,"column":18},"end":{"line":107,"column":1}},"3":{"start":{"line":17,"column":38},"end":{"line":17,"column":75}},"4":{"start":{"line":18,"column":36},"end":{"line":18,"column":66}},"5":{"start":{"line":20,"column":2},"end":{"line":20,"column":35}},"6":{"start":{"line":21,"column":2},"end":{"line":21,"column":31}},"7":{"start":{"line":22,"column":2},"end":{"line":22,"column":35}},"8":{"start":{"line":24,"column":26},"end":{"line":31,"column":3}},"9":{"start":{"line":25,"column":51},"end":{"line":25,"column":53}},"10":{"start":{"line":26,"column":4},"end":{"line":28,"column":7}},"11":{"start":{"line":27,"column":6},"end":{"line":27,"column":43}},"12":{"start":{"line":29,"column":4},"end":{"line":29,"column":33}},"13":{"start":{"line":30,"column":4},"end":{"line":30,"column":28}},"14":{"start":{"line":33,"column":29},"end":{"line":38,"column":3}},"15":{"start":{"line":34,"column":4},"end":{"line":37,"column":8}},"16":{"start":{"line":34,"column":29},"end":{"line":37,"column":6}},"17":{"start":{"line":40,"column":23},"end":{"line":43,"column":3}},"18":{"start":{"line":41,"column":4},"end":{"line":41,"column":52}},"19":{"start":{"line":42,"column":4},"end":{"line":42,"column":41}},"20":{"start":{"line":45,"column":23},"end":{"line":47,"column":10}},"21":{"start":{"line":46,"column":16},"end":{"line":46,"column":31}},"22":{"start":{"line":48,"column":22},"end":{"line":50,"column":10}},"23":{"start":{"line":49,"column":16},"end":{"line":49,"column":32}},"24":{"start":{"line":52,"column":2},"end":{"line":106,"column":4}},"25":{"start":{"line":62,"column":25},"end":{"line":62,"column":46}},"26":{"start":{"line":68,"column":25},"end":{"line":68,"column":47}},"27":{"start":{"line":82,"column":10},"end":{"line":82,"column":31}},"28":{"start":{"line":87,"column":31},"end":{"line":87,"column":66}},"29":{"start":{"line":93,"column":31},"end":{"line":93,"column":67}},"30":{"start":{"line":109,"column":0},"end":{"line":109,"column":25}}},"fnMap":{"0":{"name":"(anonymous_1)","decl":{"start":{"line":16,"column":18},"end":{"line":16,"column":19}},"loc":{"start":{"line":16,"column":62},"end":{"line":107,"column":1}}},"1":{"name":"(anonymous_2)","decl":{"start":{"line":24,"column":26},"end":{"line":24,"column":27}},"loc":{"start":{"line":24,"column":49},"end":{"line":31,"column":3}}},"2":{"name":"(anonymous_3)","decl":{"start":{"line":26,"column":19},"end":{"line":26,"column":20}},"loc":{"start":{"line":26,"column":30},"end":{"line":28,"column":5}}},"3":{"name":"(anonymous_4)","decl":{"start":{"line":33,"column":29},"end":{"line":33,"column":30}},"loc":{"start":{"line":33,"column":70},"end":{"line":38,"column":3}}},"4":{"name":"(anonymous_5)","decl":{"start":{"line":34,"column":18},"end":{"line":34,"column":19}},"loc":{"start":{"line":34,"column":29},"end":{"line":37,"column":6}}},"5":{"name":"(anonymous_6)","decl":{"start":{"line":40,"column":23},"end":{"line":40,"column":26}},"loc":{"start":{"line":40,"column":28},"end":{"line":43,"column":3}}},"6":{"name":"(anonymous_7)","decl":{"start":{"line":46,"column":4},"end":{"line":46,"column":5}},"loc":{"start":{"line":46,"column":16},"end":{"line":46,"column":31}}},"7":{"name":"(anonymous_8)","decl":{"start":{"line":49,"column":4},"end":{"line":49,"column":5}},"loc":{"start":{"line":49,"column":16},"end":{"line":49,"column":32}}},"8":{"name":"(anonymous_9)","decl":{"start":{"line":62,"column":19},"end":{"line":62,"column":22}},"loc":{"start":{"line":62,"column":25},"end":{"line":62,"column":46}}},"9":{"name":"(anonymous_10)","decl":{"start":{"line":68,"column":19},"end":{"line":68,"column":22}},"loc":{"start":{"line":68,"column":25},"end":{"line":68,"column":47}}},"10":{"name":"(anonymous_11)","decl":{"start":{"line":81,"column":20},"end":{"line":81,"column":21}},"loc":{"start":{"line":82,"column":10},"end":{"line":82,"column":31}}},"11":{"name":"(anonymous_12)","decl":{"start":{"line":87,"column":25},"end":{"line":87,"column":28}},"loc":{"start":{"line":87,"column":31},"end":{"line":87,"column":66}}},"12":{"name":"(anonymous_13)","decl":{"start":{"line":93,"column":25},"end":{"line":93,"column":28}},"loc":{"start":{"line":93,"column":31},"end":{"line":93,"column":67}}}},"branchMap":{"0":{"loc":{"start":{"line":86,"column":53},"end":{"line":86,"column":111}},"type":"cond-expr","locations":[{"start":{"line":86,"column":86},"end":{"line":86,"column":106}},{"start":{"line":86,"column":109},"end":{"line":86,"column":111}}]},"1":{"loc":{"start":{"line":92,"column":53},"end":{"line":92,"column":111}},"type":"cond-expr","locations":[{"start":{"line":92,"column":87},"end":{"line":92,"column":106}},{"start":{"line":92,"column":109},"end":{"line":92,"column":111}}]}},"s":{"0":1,"1":1,"2":1,"3":0,"4":0,"5":0,"6":0,"7":0,"8":0,"9":0,"10":0,"11":0,"12":0,"13":0,"14":0,"15":0,"16":0,"17":0,"18":0,"19":0,"20":0,"21":0,"22":0,"23":0,"24":0,"25":0,"26":0,"27":0,"28":0,"29":0,"30":1},"f":{"0":0,"1":0,"2":0,"3":0,"4":0,"5":0,"6":0,"7":0,"8":0,"9":0,"10":0,"11":0,"12":0},"b":{"0":[0,0],"1":[0,0]}}
,"C:\\projects\\peoplehub-web-frontend\\src\\pages\\attendance\\modes\\SwipeMode.tsx": {"path":"C:\\projects\\peoplehub-web-frontend\\src\\pages\\attendance\\modes\\SwipeMode.tsx","statementMap":{"0":{"start":{"line":1,"column":0},"end":{"line":1,"column":33}},"1":{"start":{"line":2,"column":0},"end":{"line":2,"column":44}},"2":{"start":{"line":16,"column":18},"end":{"line":114,"column":1}},"3":{"start":{"line":17,"column":42},"end":{"line":17,"column":53}},"4":{"start":{"line":18,"column":38},"end":{"line":18,"column":75}},"5":{"start":{"line":20,"column":2},"end":{"line":20,"column":35}},"6":{"start":{"line":21,"column":2},"end":{"line":21,"column":31}},"7":{"start":{"line":23,"column":24},"end":{"line":23,"column":44}},"8":{"start":{"line":25,"column":22},"end":{"line":38,"column":3}},"9":{"start":{"line":26,"column":4},"end":{"line":26,"column":31}},"10":{"start":{"line":26,"column":24},"end":{"line":26,"column":31}},"11":{"start":{"line":28,"column":4},"end":{"line":31,"column":8}},"12":{"start":{"line":28,"column":29},"end":{"line":31,"column":6}},"13":{"start":{"line":33,"column":4},"end":{"line":37,"column":5}},"14":{"start":{"line":34,"column":6},"end":{"line":34,"column":42}},"15":{"start":{"line":34,"column":32},"end":{"line":34,"column":40}},"16":{"start":{"line":36,"column":6},"end":{"line":36,"column":34}},"17":{"start":{"line":40,"column":23},"end":{"line":43,"column":3}},"18":{"start":{"line":41,"column":4},"end":{"line":41,"column":52}},"19":{"start":{"line":42,"column":4},"end":{"line":42,"column":41}},"20":{"start":{"line":45,"column":19},"end":{"line":45,"column":61}},"21":{"start":{"line":47,"column":2},"end":{"line":113,"column":4}},"22":{"start":{"line":74,"column":29},"end":{"line":74,"column":47}},"23":{"start":{"line":80,"column":29},"end":{"line":80,"column":46}},"24":{"start":{"line":100,"column":12},"end":{"line":100,"column":76}},"25":{"start":{"line":100,"column":38},"end":{"line":100,"column":75}},"26":{"start":{"line":107,"column":25},"end":{"line":107,"column":73}},"27":{"start":{"line":107,"column":51},"end":{"line":107,"column":72}},"28":{"start":{"line":116,"column":0},"end":{"line":116,"column":25}}},"fnMap":{"0":{"name":"(anonymous_1)","decl":{"start":{"line":16,"column":18},"end":{"line":16,"column":19}},"loc":{"start":{"line":16,"column":62},"end":{"line":114,"column":1}}},"1":{"name":"(anonymous_2)","decl":{"start":{"line":25,"column":22},"end":{"line":25,"column":23}},"loc":{"start":{"line":25,"column":45},"end":{"line":38,"column":3}}},"2":{"name":"(anonymous_3)","decl":{"start":{"line":28,"column":18},"end":{"line":28,"column":19}},"loc":{"start":{"line":28,"column":29},"end":{"line":31,"column":6}}},"3":{"name":"(anonymous_4)","decl":{"start":{"line":34,"column":22},"end":{"line":34,"column":23}},"loc":{"start":{"line":34,"column":32},"end":{"line":34,"column":40}}},"4":{"name":"(anonymous_5)","decl":{"start":{"line":40,"column":23},"end":{"line":40,"column":26}},"loc":{"start":{"line":40,"column":28},"end":{"line":43,"column":3}}},"5":{"name":"(anonymous_6)","decl":{"start":{"line":74,"column":23},"end":{"line":74,"column":26}},"loc":{"start":{"line":74,"column":29},"end":{"line":74,"column":47}}},"6":{"name":"(anonymous_7)","decl":{"start":{"line":80,"column":23},"end":{"line":80,"column":26}},"loc":{"start":{"line":80,"column":29},"end":{"line":80,"column":46}}},"7":{"name":"(anonymous_8)","decl":{"start":{"line":99,"column":19},"end":{"line":99,"column":22}},"loc":{"start":{"line":100,"column":12},"end":{"line":100,"column":76}}},"8":{"name":"(anonymous_9)","decl":{"start":{"line":100,"column":28},"end":{"line":100,"column":29}},"loc":{"start":{"line":100,"column":38},"end":{"line":100,"column":75}}},"9":{"name":"(anonymous_10)","decl":{"start":{"line":107,"column":19},"end":{"line":107,"column":22}},"loc":{"start":{"line":107,"column":25},"end":{"line":107,"column":73}}},"10":{"name":"(anonymous_11)","decl":{"start":{"line":107,"column":41},"end":{"line":107,"column":42}},"loc":{"start":{"line":107,"column":51},"end":{"line":107,"column":72}}}},"branchMap":{"0":{"loc":{"start":{"line":26,"column":4},"end":{"line":26,"column":31}},"type":"if","locations":[{"start":{"line":26,"column":4},"end":{"line":26,"column":31}},{"start":{},"end":{}}]},"1":{"loc":{"start":{"line":33,"column":4},"end":{"line":37,"column":5}},"type":"if","locations":[{"start":{"line":33,"column":4},"end":{"line":37,"column":5}},{"start":{"line":35,"column":11},"end":{"line":37,"column":5}}]},"2":{"loc":{"start":{"line":64,"column":7},"end":{"line":93,"column":null}},"type":"cond-expr","locations":[{"start":{"line":65,"column":8},"end":{"line":84,"column":null}},{"start":{"line":87,"column":8},"end":{"line":92,"column":null}}]}},"s":{"0":1,"1":1,"2":1,"3":0,"4":0,"5":0,"6":0,"7":0,"8":0,"9":0,"10":0,"11":0,"12":0,"13":0,"14":0,"15":0,"16":0,"17":0,"18":0,"19":0,"20":0,"21":0,"22":0,"23":0,"24":0,"25":0,"26":0,"27":0,"28":1},"f":{"0":0,"1":0,"2":0,"3":0,"4":0,"5":0,"6":0,"7":0,"8":0,"9":0,"10":0},"b":{"0":[0,0],"1":[0,0],"2":[0,0]}}
}
