TN:
SF:src\pages\attendance\AttendancePage.tsx
FN:9,(anonymous_1)
FN:40,(anonymous_2)
FN:44,(anonymous_3)
FN:60,(anonymous_4)
FN:71,(anonymous_5)
FN:77,(anonymous_6)
FN:83,(anonymous_7)
FN:89,(anonymous_8)
FNF:8
FNH:3
FNDA:3,(anonymous_1)
FNDA:1,(anonymous_2)
FNDA:9,(anonymous_3)
FNDA:0,(anonymous_4)
FNDA:0,(anonymous_5)
FNDA:0,(anonymous_6)
FNDA:0,(anonymous_7)
FNDA:0,(anonymous_8)
DA:1,1
DA:2,1
DA:3,1
DA:4,1
DA:5,1
DA:9,1
DA:10,3
DA:11,3
DA:12,3
DA:14,3
DA:20,3
DA:29,3
DA:40,1
DA:45,9
DA:60,0
DA:71,0
DA:77,0
DA:83,0
DA:89,0
DA:120,1
LF:20
LH:15
BRDA:20,0,0,1
BRDA:20,0,1,2
BRDA:65,1,0,3
BRDA:65,1,1,1
BRDA:70,2,0,1
BRDA:70,2,1,0
BRDA:76,3,0,0
BRDA:76,3,1,1
BRDA:82,4,0,0
BRDA:82,4,1,1
BRDA:88,5,0,0
BRDA:88,5,1,1
BRDA:97,6,0,3
BRDA:97,6,1,1
BRDA:99,7,0,1
BRDA:99,7,1,1
BRDA:102,8,0,1
BRDA:102,8,1,0
BRDA:105,9,0,1
BRDA:105,9,1,0
BRDA:108,10,0,1
BRDA:108,10,1,0
BRF:22
BRH:15
end_of_record
TN:
SF:src\pages\attendance\modes\ClassicMode.tsx
FN:16,(anonymous_1)
FN:22,(anonymous_2)
FN:23,(anonymous_3)
FN:29,(anonymous_4)
FN:35,(anonymous_5)
FN:38,(anonymous_6)
FN:55,(anonymous_7)
FN:61,(anonymous_8)
FN:67,(anonymous_9)
FNF:9
FNH:2
FNDA:1,(anonymous_1)
FNDA:0,(anonymous_2)
FNDA:0,(anonymous_3)
FNDA:0,(anonymous_4)
FNDA:0,(anonymous_5)
FNDA:0,(anonymous_6)
FNDA:4,(anonymous_7)
FNDA:0,(anonymous_8)
FNDA:0,(anonymous_9)
DA:1,1
DA:2,1
DA:16,1
DA:17,1
DA:19,1
DA:20,1
DA:22,1
DA:23,0
DA:29,1
DA:30,0
DA:31,0
DA:34,1
DA:35,0
DA:37,1
DA:38,0
DA:41,1
DA:56,4
DA:61,0
DA:67,0
DA:83,1
LF:20
LH:13
BRDA:60,0,0,0
BRDA:60,0,1,4
BRDA:66,1,0,0
BRDA:66,1,1,4
BRF:4
BRH:2
end_of_record
TN:
SF:src\pages\attendance\modes\QuickMode.tsx
FN:16,(anonymous_1)
FN:24,(anonymous_2)
FN:26,(anonymous_3)
FN:33,(anonymous_4)
FN:34,(anonymous_5)
FN:40,(anonymous_6)
FN:46,(anonymous_7)
FN:49,(anonymous_8)
FN:62,(anonymous_9)
FN:68,(anonymous_10)
FN:81,(anonymous_11)
FN:87,(anonymous_12)
FN:93,(anonymous_13)
FNF:13
FNH:0
FNDA:0,(anonymous_1)
FNDA:0,(anonymous_2)
FNDA:0,(anonymous_3)
FNDA:0,(anonymous_4)
FNDA:0,(anonymous_5)
FNDA:0,(anonymous_6)
FNDA:0,(anonymous_7)
FNDA:0,(anonymous_8)
FNDA:0,(anonymous_9)
FNDA:0,(anonymous_10)
FNDA:0,(anonymous_11)
FNDA:0,(anonymous_12)
FNDA:0,(anonymous_13)
DA:1,1
DA:2,1
DA:16,1
DA:17,0
DA:18,0
DA:20,0
DA:21,0
DA:22,0
DA:24,0
DA:25,0
DA:26,0
DA:27,0
DA:29,0
DA:30,0
DA:33,0
DA:34,0
DA:40,0
DA:41,0
DA:42,0
DA:45,0
DA:46,0
DA:48,0
DA:49,0
DA:52,0
DA:62,0
DA:68,0
DA:82,0
DA:87,0
DA:93,0
DA:109,1
LF:30
LH:4
BRDA:86,0,0,0
BRDA:86,0,1,0
BRDA:92,1,0,0
BRDA:92,1,1,0
BRF:4
BRH:0
end_of_record
TN:
SF:src\pages\attendance\modes\SwipeMode.tsx
FN:16,(anonymous_1)
FN:25,(anonymous_2)
FN:28,(anonymous_3)
FN:34,(anonymous_4)
FN:40,(anonymous_5)
FN:74,(anonymous_6)
FN:80,(anonymous_7)
FN:99,(anonymous_8)
FN:100,(anonymous_9)
FN:107,(anonymous_10)
FN:107,(anonymous_11)
FNF:11
FNH:0
FNDA:0,(anonymous_1)
FNDA:0,(anonymous_2)
FNDA:0,(anonymous_3)
FNDA:0,(anonymous_4)
FNDA:0,(anonymous_5)
FNDA:0,(anonymous_6)
FNDA:0,(anonymous_7)
FNDA:0,(anonymous_8)
FNDA:0,(anonymous_9)
FNDA:0,(anonymous_10)
FNDA:0,(anonymous_11)
DA:1,1
DA:2,1
DA:16,1
DA:17,0
DA:18,0
DA:20,0
DA:21,0
DA:23,0
DA:25,0
DA:26,0
DA:28,0
DA:33,0
DA:34,0
DA:36,0
DA:40,0
DA:41,0
DA:42,0
DA:45,0
DA:47,0
DA:74,0
DA:80,0
DA:100,0
DA:107,0
DA:116,1
LF:24
LH:4
BRDA:26,0,0,0
BRDA:26,0,1,0
BRDA:33,1,0,0
BRDA:33,1,1,0
BRDA:64,2,0,0
BRDA:64,2,1,0
BRF:6
BRH:0
end_of_record
